{"/home/jarvis/Documents/IT/Nayamo/backend/config/env.js": {"path":"/home/jarvis/Documents/IT/Nayamo/backend/config/env.js","statementMap":{"0":{"start":{"line":1,"column":21},"end":{"line":10,"column":1}},"1":{"start":{"line":2,"column":2},"end":{"line":2,"column":27}},"2":{"start":{"line":2,"column":14},"end":{"line":2,"column":27}},"3":{"start":{"line":4,"column":21},"end":{"line":4,"column":41}},"4":{"start":{"line":5,"column":2},"end":{"line":5,"column":32}},"5":{"start":{"line":5,"column":19},"end":{"line":5,"column":32}},"6":{"start":{"line":7,"column":2},"end":{"line":9,"column":4}},"7":{"start":{"line":12,"column":22},"end":{"line":30,"column":1}},"8":{"start":{"line":13,"column":15},"end":{"line":13,"column":36}},"9":{"start":{"line":14,"column":15},"end":{"line":14,"column":36}},"10":{"start":{"line":15,"column":15},"end":{"line":15,"column":51}},"11":{"start":{"line":17,"column":2},"end":{"line":29,"column":4}},"12":{"start":{"line":32,"column":25},"end":{"line":38,"column":1}},"13":{"start":{"line":33,"column":19},"end":{"line":35,"column":18}},"14":{"start":{"line":37,"column":2},"end":{"line":37,"column":51}},"15":{"start":{"line":40,"column":24},"end":{"line":43,"column":2}},"16":{"start":{"line":40,"column":31},"end":{"line":43,"column":1}},"17":{"start":{"line":45,"column":26},"end":{"line":46,"column":62}},"18":{"start":{"line":46,"column":2},"end":{"line":46,"column":62}},"19":{"start":{"line":48,"column":28},"end":{"line":49,"column":65}},"20":{"start":{"line":49,"column":2},"end":{"line":49,"column":65}},"21":{"start":{"line":51,"column":0},"end":{"line":58,"column":2}}},"fnMap":{"0":{"name":"(anonymous_0)","decl":{"start":{"line":1,"column":21},"end":{"line":1,"column":22}},"loc":{"start":{"line":1,"column":32},"end":{"line":10,"column":1}},"line":1},"1":{"name":"(anonymous_1)","decl":{"start":{"line":12,"column":22},"end":{"line":12,"column":23}},"loc":{"start":{"line":12,"column":28},"end":{"line":30,"column":1}},"line":12},"2":{"name":"(anonymous_2)","decl":{"start":{"line":32,"column":25},"end":{"line":32,"column":26}},"loc":{"start":{"line":32,"column":31},"end":{"line":38,"column":1}},"line":32},"3":{"name":"(anonymous_3)","decl":{"start":{"line":40,"column":24},"end":{"line":40,"column":25}},"loc":{"start":{"line":40,"column":31},"end":{"line":43,"column":1}},"line":40},"4":{"name":"(anonymous_4)","decl":{"start":{"line":45,"column":26},"end":{"line":45,"column":27}},"loc":{"start":{"line":46,"column":2},"end":{"line":46,"column":62}},"line":46},"5":{"name":"(anonymous_5)","decl":{"start":{"line":48,"column":28},"end":{"line":48,"column":29}},"loc":{"start":{"line":49,"column":2},"end":{"line":49,"column":65}},"line":49}},"branchMap":{"0":{"loc":{"start":{"line":2,"column":2},"end":{"line":2,"column":27}},"type":"if","locations":[{"start":{"line":2,"column":2},"end":{"line":2,"column":27}},{"start":{},"end":{}}],"line":2},"1":{"loc":{"start":{"line":5,"column":2},"end":{"line":5,"column":32}},"type":"if","locations":[{"start":{"line":5,"column":2},"end":{"line":5,"column":32}},{"start":{},"end":{}}],"line":5},"2":{"loc":{"start":{"line":15,"column":22},"end":{"line":15,"column":50}},"type":"binary-expr","locations":[{"start":{"line":15,"column":22},"end":{"line":15,"column":43}},{"start":{"line":15,"column":47},"end":{"line":15,"column":50}}],"line":15},"3":{"loc":{"start":{"line":21,"column":6},"end":{"line":22,"column":59}},"type":"binary-expr","locations":[{"start":{"line":21,"column":6},"end":{"line":21,"column":40}},{"start":{"line":22,"column":7},"end":{"line":22,"column":42}},{"start":{"line":22,"column":46},"end":{"line":22,"column":58}}],"line":21},"4":{"loc":{"start":{"line":26,"column":6},"end":{"line":27,"column":10}},"type":"binary-expr","locations":[{"start":{"line":26,"column":6},"end":{"line":26,"column":33}},{"start":{"line":27,"column":6},"end":{"line":27,"column":10}}],"line":26},"5":{"loc":{"start":{"line":28,"column":13},"end":{"line":28,"column":57}},"type":"binary-expr","locations":[{"start":{"line":28,"column":13},"end":{"line":28,"column":48}},{"start":{"line":28,"column":52},"end":{"line":28,"column":57}}],"line":28},"6":{"loc":{"start":{"line":33,"column":26},"end":{"line":33,"column":62}},"type":"binary-expr","locations":[{"start":{"line":33,"column":26},"end":{"line":33,"column":52}},{"start":{"line":33,"column":56},"end":{"line":33,"column":62}}],"line":33},"7":{"loc":{"start":{"line":37,"column":9},"end":{"line":37,"column":50}},"type":"cond-expr","locations":[{"start":{"line":37,"column":33},"end":{"line":37,"column":41}},{"start":{"line":37,"column":44},"end":{"line":37,"column":50}}],"line":37},"8":{"loc":{"start":{"line":42,"column":13},"end":{"line":42,"column":73}},"type":"binary-expr","locations":[{"start":{"line":42,"column":13},"end":{"line":42,"column":42}},{"start":{"line":42,"column":46},"end":{"line":42,"column":73}}],"line":42},"9":{"loc":{"start":{"line":46,"column":2},"end":{"line":46,"column":62}},"type":"binary-expr","locations":[{"start":{"line":46,"column":2},"end":{"line":46,"column":31}},{"start":{"line":46,"column":35},"end":{"line":46,"column":62}}],"line":46},"10":{"loc":{"start":{"line":49,"column":2},"end":{"line":49,"column":65}},"type":"binary-expr","locations":[{"start":{"line":49,"column":2},"end":{"line":49,"column":32}},{"start":{"line":49,"column":36},"end":{"line":49,"column":65}}],"line":49}},"s":{"0":1,"1":0,"2":0,"3":0,"4":0,"5":0,"6":0,"7":1,"8":0,"9":0,"10":0,"11":0,"12":1,"13":0,"14":0,"15":1,"16":0,"17":1,"18":0,"19":1,"20":0,"21":1},"f":{"0":0,"1":0,"2":0,"3":0,"4":0,"5":0},"b":{"0":[0,0],"1":[0,0],"2":[0,0],"3":[0,0,0],"4":[0,0],"5":[0,0],"6":[0,0],"7":[0,0],"8":[0,0],"9":[0,0],"10":[0,0]},"_coverageSchema":"1a1c01bbd47fc00a2c39e90264f33305004495a9","hash":"8ba30e218f47dd915e7dc0747affa7dcf7c55d34"}
,"/home/jarvis/Documents/IT/Nayamo/backend/controllers/shippingController.js": {"path":"/home/jarvis/Documents/IT/Nayamo/backend/controllers/shippingController.js","statementMap":{"0":{"start":{"line":1,"column":17},"end":{"line":1,"column":36}},"1":{"start":{"line":2,"column":14},"end":{"line":2,"column":40}},"2":{"start":{"line":5,"column":2},"end":{"line":5,"column":41}},"3":{"start":{"line":8,"column":2},"end":{"line":8,"column":34}},"4":{"start":{"line":13,"column":0},"end":{"line":50,"column":3}},"5":{"start":{"line":14,"column":16},"end":{"line":14,"column":76}},"6":{"start":{"line":16,"column":2},"end":{"line":19,"column":3}},"7":{"start":{"line":17,"column":4},"end":{"line":17,"column":20}},"8":{"start":{"line":18,"column":4},"end":{"line":18,"column":39}},"9":{"start":{"line":22,"column":2},"end":{"line":28,"column":3}},"10":{"start":{"line":23,"column":4},"end":{"line":27,"column":7}},"11":{"start":{"line":30,"column":19},"end":{"line":30,"column":63}},"12":{"start":{"line":32,"column":2},"end":{"line":38,"column":4}},"13":{"start":{"line":41,"column":2},"end":{"line":41,"column":29}},"14":{"start":{"line":43,"column":2},"end":{"line":43,"column":21}},"15":{"start":{"line":45,"column":2},"end":{"line":49,"column":5}},"16":{"start":{"line":52,"column":0},"end":{"line":144,"column":3}},"17":{"start":{"line":53,"column":22},"end":{"line":53,"column":80}},"18":{"start":{"line":54,"column":25},"end":{"line":54,"column":62}},"19":{"start":{"line":56,"column":19},"end":{"line":56,"column":21}},"20":{"start":{"line":57,"column":25},"end":{"line":57,"column":27}},"21":{"start":{"line":59,"column":2},"end":{"line":70,"column":5}},"22":{"start":{"line":60,"column":4},"end":{"line":67,"column":5}},"23":{"start":{"line":61,"column":6},"end":{"line":65,"column":9}},"24":{"start":{"line":66,"column":6},"end":{"line":66,"column":13}},"25":{"start":{"line":69,"column":4},"end":{"line":69,"column":27}},"26":{"start":{"line":72,"column":17},"end":{"line":72,"column":86}},"27":{"start":{"line":73,"column":19},"end":{"line":73,"column":77}},"28":{"start":{"line":73,"column":49},"end":{"line":73,"column":75}},"29":{"start":{"line":75,"column":18},"end":{"line":75,"column":37}},"30":{"start":{"line":76,"column":18},"end":{"line":81,"column":3}},"31":{"start":{"line":83,"column":2},"end":{"line":134,"column":3}},"32":{"start":{"line":84,"column":18},"end":{"line":84,"column":39}},"33":{"start":{"line":86,"column":4},"end":{"line":94,"column":5}},"34":{"start":{"line":87,"column":6},"end":{"line":87,"column":27}},"35":{"start":{"line":88,"column":6},"end":{"line":92,"column":9}},"36":{"start":{"line":93,"column":6},"end":{"line":93,"column":15}},"37":{"start":{"line":96,"column":4},"end":{"line":104,"column":5}},"38":{"start":{"line":97,"column":6},"end":{"line":97,"column":27}},"39":{"start":{"line":98,"column":6},"end":{"line":102,"column":9}},"40":{"start":{"line":103,"column":6},"end":{"line":103,"column":15}},"41":{"start":{"line":106,"column":4},"end":{"line":133,"column":5}},"42":{"start":{"line":107,"column":23},"end":{"line":107,"column":67}},"43":{"start":{"line":109,"column":6},"end":{"line":115,"column":8}},"44":{"start":{"line":117,"column":6},"end":{"line":117,"column":33}},"45":{"start":{"line":118,"column":6},"end":{"line":118,"column":25}},"46":{"start":{"line":120,"column":6},"end":{"line":120,"column":27}},"47":{"start":{"line":121,"column":6},"end":{"line":125,"column":9}},"48":{"start":{"line":127,"column":6},"end":{"line":127,"column":26}},"49":{"start":{"line":128,"column":6},"end":{"line":132,"column":9}},"50":{"start":{"line":136,"column":2},"end":{"line":143,"column":5}},"51":{"start":{"line":149,"column":0},"end":{"line":186,"column":3}},"52":{"start":{"line":150,"column":16},"end":{"line":150,"column":76}},"53":{"start":{"line":152,"column":2},"end":{"line":155,"column":3}},"54":{"start":{"line":153,"column":4},"end":{"line":153,"column":20}},"55":{"start":{"line":154,"column":4},"end":{"line":154,"column":39}},"56":{"start":{"line":157,"column":2},"end":{"line":160,"column":3}},"57":{"start":{"line":158,"column":4},"end":{"line":158,"column":20}},"58":{"start":{"line":159,"column":4},"end":{"line":159,"column":73}},"59":{"start":{"line":162,"column":2},"end":{"line":168,"column":3}},"60":{"start":{"line":163,"column":4},"end":{"line":167,"column":7}},"61":{"start":{"line":170,"column":2},"end":{"line":173,"column":3}},"62":{"start":{"line":171,"column":4},"end":{"line":171,"column":20}},"63":{"start":{"line":172,"column":4},"end":{"line":172,"column":90}},"64":{"start":{"line":175,"column":2},"end":{"line":175,"column":41}},"65":{"start":{"line":176,"column":2},"end":{"line":176,"column":36}},"66":{"start":{"line":177,"column":2},"end":{"line":177,"column":37}},"67":{"start":{"line":179,"column":2},"end":{"line":179,"column":21}},"68":{"start":{"line":181,"column":2},"end":{"line":185,"column":5}},"69":{"start":{"line":191,"column":0},"end":{"line":217,"column":3}},"70":{"start":{"line":192,"column":16},"end":{"line":192,"column":76}},"71":{"start":{"line":194,"column":2},"end":{"line":197,"column":3}},"72":{"start":{"line":195,"column":4},"end":{"line":195,"column":20}},"73":{"start":{"line":196,"column":4},"end":{"line":196,"column":39}},"74":{"start":{"line":199,"column":2},"end":{"line":202,"column":3}},"75":{"start":{"line":200,"column":4},"end":{"line":200,"column":20}},"76":{"start":{"line":201,"column":4},"end":{"line":201,"column":77}},"77":{"start":{"line":204,"column":2},"end":{"line":207,"column":3}},"78":{"start":{"line":205,"column":4},"end":{"line":205,"column":20}},"79":{"start":{"line":206,"column":4},"end":{"line":206,"column":59}},"80":{"start":{"line":209,"column":2},"end":{"line":216,"column":5}},"81":{"start":{"line":222,"column":0},"end":{"line":260,"column":3}},"82":{"start":{"line":223,"column":16},"end":{"line":223,"column":76}},"83":{"start":{"line":225,"column":2},"end":{"line":228,"column":3}},"84":{"start":{"line":226,"column":4},"end":{"line":226,"column":20}},"85":{"start":{"line":227,"column":4},"end":{"line":227,"column":39}},"86":{"start":{"line":230,"column":2},"end":{"line":233,"column":3}},"87":{"start":{"line":231,"column":4},"end":{"line":231,"column":20}},"88":{"start":{"line":232,"column":4},"end":{"line":232,"column":92}},"89":{"start":{"line":235,"column":2},"end":{"line":241,"column":3}},"90":{"start":{"line":236,"column":4},"end":{"line":240,"column":7}},"91":{"start":{"line":243,"column":19},"end":{"line":243,"column":63}},"92":{"start":{"line":245,"column":2},"end":{"line":251,"column":4}},"93":{"start":{"line":253,"column":2},"end":{"line":253,"column":21}},"94":{"start":{"line":255,"column":2},"end":{"line":259,"column":5}},"95":{"start":{"line":265,"column":0},"end":{"line":301,"column":3}},"96":{"start":{"line":266,"column":16},"end":{"line":266,"column":76}},"97":{"start":{"line":268,"column":2},"end":{"line":271,"column":3}},"98":{"start":{"line":269,"column":4},"end":{"line":269,"column":20}},"99":{"start":{"line":270,"column":4},"end":{"line":270,"column":39}},"100":{"start":{"line":273,"column":2},"end":{"line":276,"column":3}},"101":{"start":{"line":274,"column":4},"end":{"line":274,"column":20}},"102":{"start":{"line":275,"column":4},"end":{"line":275,"column":80}},"103":{"start":{"line":278,"column":2},"end":{"line":284,"column":3}},"104":{"start":{"line":279,"column":4},"end":{"line":283,"column":7}},"105":{"start":{"line":286,"column":2},"end":{"line":289,"column":3}},"106":{"start":{"line":287,"column":4},"end":{"line":287,"column":20}},"107":{"start":{"line":288,"column":4},"end":{"line":288,"column":85}},"108":{"start":{"line":291,"column":2},"end":{"line":291,"column":46}},"109":{"start":{"line":292,"column":2},"end":{"line":292,"column":37}},"110":{"start":{"line":294,"column":2},"end":{"line":294,"column":21}},"111":{"start":{"line":296,"column":2},"end":{"line":300,"column":5}},"112":{"start":{"line":306,"column":0},"end":{"line":332,"column":3}},"113":{"start":{"line":307,"column":16},"end":{"line":307,"column":76}},"114":{"start":{"line":309,"column":2},"end":{"line":312,"column":3}},"115":{"start":{"line":310,"column":4},"end":{"line":310,"column":20}},"116":{"start":{"line":311,"column":4},"end":{"line":311,"column":39}},"117":{"start":{"line":314,"column":2},"end":{"line":317,"column":3}},"118":{"start":{"line":315,"column":4},"end":{"line":315,"column":20}},"119":{"start":{"line":316,"column":4},"end":{"line":316,"column":84}},"120":{"start":{"line":319,"column":2},"end":{"line":322,"column":3}},"121":{"start":{"line":320,"column":4},"end":{"line":320,"column":20}},"122":{"start":{"line":321,"column":4},"end":{"line":321,"column":66}},"123":{"start":{"line":324,"column":2},"end":{"line":331,"column":5}},"124":{"start":{"line":337,"column":0},"end":{"line":368,"column":4}},"125":{"start":{"line":341,"column":8},"end":{"line":343,"column":9}},"126":{"start":{"line":345,"column":6},"end":{"line":355,"column":7}},"127":{"start":{"line":350,"column":8},"end":{"line":350,"column":24}},"128":{"start":{"line":352,"column":8},"end":{"line":354,"column":10}},"129":{"start":{"line":358,"column":8},"end":{"line":361,"column":9}},"130":{"start":{"line":363,"column":6},"end":{"line":366,"column":9}}},"fnMap":{"0":{"name":"(anonymous_0)","decl":{"start":{"line":13,"column":38},"end":{"line":13,"column":39}},"loc":{"start":{"line":13,"column":58},"end":{"line":50,"column":1}},"line":13},"1":{"name":"(anonymous_1)","decl":{"start":{"line":52,"column":42},"end":{"line":52,"column":43}},"loc":{"start":{"line":52,"column":62},"end":{"line":144,"column":1}},"line":52},"2":{"name":"(anonymous_2)","decl":{"start":{"line":59,"column":25},"end":{"line":59,"column":26}},"loc":{"start":{"line":59,"column":38},"end":{"line":70,"column":3}},"line":59},"3":{"name":"(anonymous_3)","decl":{"start":{"line":73,"column":38},"end":{"line":73,"column":39}},"loc":{"start":{"line":73,"column":49},"end":{"line":73,"column":75}},"line":73},"4":{"name":"(anonymous_4)","decl":{"start":{"line":149,"column":37},"end":{"line":149,"column":38}},"loc":{"start":{"line":149,"column":57},"end":{"line":186,"column":1}},"line":149},"5":{"name":"(anonymous_5)","decl":{"start":{"line":191,"column":40},"end":{"line":191,"column":41}},"loc":{"start":{"line":191,"column":60},"end":{"line":217,"column":1}},"line":191},"6":{"name":"(anonymous_6)","decl":{"start":{"line":222,"column":44},"end":{"line":222,"column":45}},"loc":{"start":{"line":222,"column":64},"end":{"line":260,"column":1}},"line":222},"7":{"name":"(anonymous_7)","decl":{"start":{"line":265,"column":43},"end":{"line":265,"column":44}},"loc":{"start":{"line":265,"column":63},"end":{"line":301,"column":1}},"line":265},"8":{"name":"(anonymous_8)","decl":{"start":{"line":306,"column":38},"end":{"line":306,"column":39}},"loc":{"start":{"line":306,"column":58},"end":{"line":332,"column":1}},"line":306},"9":{"name":"(anonymous_9)","decl":{"start":{"line":339,"column":4},"end":{"line":339,"column":5}},"loc":{"start":{"line":339,"column":24},"end":{"line":367,"column":5}},"line":339}},"branchMap":{"0":{"loc":{"start":{"line":16,"column":2},"end":{"line":19,"column":3}},"type":"if","locations":[{"start":{"line":16,"column":2},"end":{"line":19,"column":3}},{"start":{},"end":{}}],"line":16},"1":{"loc":{"start":{"line":22,"column":2},"end":{"line":28,"column":3}},"type":"if","locations":[{"start":{"line":22,"column":2},"end":{"line":28,"column":3}},{"start":{},"end":{}}],"line":22},"2":{"loc":{"start":{"line":35,"column":14},"end":{"line":35,"column":44}},"type":"binary-expr","locations":[{"start":{"line":35,"column":14},"end":{"line":35,"column":31}},{"start":{"line":35,"column":35},"end":{"line":35,"column":44}}],"line":35},"3":{"loc":{"start":{"line":53,"column":22},"end":{"line":53,"column":80}},"type":"cond-expr","locations":[{"start":{"line":53,"column":58},"end":{"line":53,"column":75}},{"start":{"line":53,"column":78},"end":{"line":53,"column":80}}],"line":53},"4":{"loc":{"start":{"line":60,"column":4},"end":{"line":67,"column":5}},"type":"if","locations":[{"start":{"line":60,"column":4},"end":{"line":67,"column":5}},{"start":{},"end":{}}],"line":60},"5":{"loc":{"start":{"line":86,"column":4},"end":{"line":94,"column":5}},"type":"if","locations":[{"start":{"line":86,"column":4},"end":{"line":94,"column":5}},{"start":{},"end":{}}],"line":86},"6":{"loc":{"start":{"line":96,"column":4},"end":{"line":104,"column":5}},"type":"if","locations":[{"start":{"line":96,"column":4},"end":{"line":104,"column":5}},{"start":{},"end":{}}],"line":96},"7":{"loc":{"start":{"line":112,"column":18},"end":{"line":112,"column":48}},"type":"binary-expr","locations":[{"start":{"line":112,"column":18},"end":{"line":112,"column":35}},{"start":{"line":112,"column":39},"end":{"line":112,"column":48}}],"line":112},"8":{"loc":{"start":{"line":131,"column":17},"end":{"line":131,"column":60}},"type":"binary-expr","locations":[{"start":{"line":131,"column":17},"end":{"line":131,"column":30}},{"start":{"line":131,"column":34},"end":{"line":131,"column":60}}],"line":131},"9":{"loc":{"start":{"line":152,"column":2},"end":{"line":155,"column":3}},"type":"if","locations":[{"start":{"line":152,"column":2},"end":{"line":155,"column":3}},{"start":{},"end":{}}],"line":152},"10":{"loc":{"start":{"line":157,"column":2},"end":{"line":160,"column":3}},"type":"if","locations":[{"start":{"line":157,"column":2},"end":{"line":160,"column":3}},{"start":{},"end":{}}],"line":157},"11":{"loc":{"start":{"line":162,"column":2},"end":{"line":168,"column":3}},"type":"if","locations":[{"start":{"line":162,"column":2},"end":{"line":168,"column":3}},{"start":{},"end":{}}],"line":162},"12":{"loc":{"start":{"line":170,"column":2},"end":{"line":173,"column":3}},"type":"if","locations":[{"start":{"line":170,"column":2},"end":{"line":173,"column":3}},{"start":{},"end":{}}],"line":170},"13":{"loc":{"start":{"line":194,"column":2},"end":{"line":197,"column":3}},"type":"if","locations":[{"start":{"line":194,"column":2},"end":{"line":197,"column":3}},{"start":{},"end":{}}],"line":194},"14":{"loc":{"start":{"line":199,"column":2},"end":{"line":202,"column":3}},"type":"if","locations":[{"start":{"line":199,"column":2},"end":{"line":202,"column":3}},{"start":{},"end":{}}],"line":199},"15":{"loc":{"start":{"line":204,"column":2},"end":{"line":207,"column":3}},"type":"if","locations":[{"start":{"line":204,"column":2},"end":{"line":207,"column":3}},{"start":{},"end":{}}],"line":204},"16":{"loc":{"start":{"line":225,"column":2},"end":{"line":228,"column":3}},"type":"if","locations":[{"start":{"line":225,"column":2},"end":{"line":228,"column":3}},{"start":{},"end":{}}],"line":225},"17":{"loc":{"start":{"line":230,"column":2},"end":{"line":233,"column":3}},"type":"if","locations":[{"start":{"line":230,"column":2},"end":{"line":233,"column":3}},{"start":{},"end":{}}],"line":230},"18":{"loc":{"start":{"line":235,"column":2},"end":{"line":241,"column":3}},"type":"if","locations":[{"start":{"line":235,"column":2},"end":{"line":241,"column":3}},{"start":{},"end":{}}],"line":235},"19":{"loc":{"start":{"line":248,"column":14},"end":{"line":248,"column":44}},"type":"binary-expr","locations":[{"start":{"line":248,"column":14},"end":{"line":248,"column":31}},{"start":{"line":248,"column":35},"end":{"line":248,"column":44}}],"line":248},"20":{"loc":{"start":{"line":268,"column":2},"end":{"line":271,"column":3}},"type":"if","locations":[{"start":{"line":268,"column":2},"end":{"line":271,"column":3}},{"start":{},"end":{}}],"line":268},"21":{"loc":{"start":{"line":273,"column":2},"end":{"line":276,"column":3}},"type":"if","locations":[{"start":{"line":273,"column":2},"end":{"line":276,"column":3}},{"start":{},"end":{}}],"line":273},"22":{"loc":{"start":{"line":278,"column":2},"end":{"line":284,"column":3}},"type":"if","locations":[{"start":{"line":278,"column":2},"end":{"line":284,"column":3}},{"start":{},"end":{}}],"line":278},"23":{"loc":{"start":{"line":286,"column":2},"end":{"line":289,"column":3}},"type":"if","locations":[{"start":{"line":286,"column":2},"end":{"line":289,"column":3}},{"start":{},"end":{}}],"line":286},"24":{"loc":{"start":{"line":309,"column":2},"end":{"line":312,"column":3}},"type":"if","locations":[{"start":{"line":309,"column":2},"end":{"line":312,"column":3}},{"start":{},"end":{}}],"line":309},"25":{"loc":{"start":{"line":314,"column":2},"end":{"line":317,"column":3}},"type":"if","locations":[{"start":{"line":314,"column":2},"end":{"line":317,"column":3}},{"start":{},"end":{}}],"line":314},"26":{"loc":{"start":{"line":319,"column":2},"end":{"line":322,"column":3}},"type":"if","locations":[{"start":{"line":319,"column":2},"end":{"line":322,"column":3}},{"start":{},"end":{}}],"line":319},"27":{"loc":{"start":{"line":345,"column":6},"end":{"line":355,"column":7}},"type":"if","locations":[{"start":{"line":345,"column":6},"end":{"line":355,"column":7}},{"start":{},"end":{}}],"line":345},"28":{"loc":{"start":{"line":346,"column":8},"end":{"line":348,"column":19}},"type":"binary-expr","locations":[{"start":{"line":346,"column":8},"end":{"line":346,"column":14}},{"start":{"line":347,"column":8},"end":{"line":348,"column":19}}],"line":346}},"s":{"0":1,"1":1,"2":1,"3":1,"4":1,"5":0,"6":0,"7":0,"8":0,"9":0,"10":0,"11":0,"12":0,"13":0,"14":0,"15":0,"16":1,"17":0,"18":0,"19":0,"20":0,"21":0,"22":0,"23":0,"24":0,"25":0,"26":0,"27":0,"28":0,"29":0,"30":0,"31":0,"32":0,"33":0,"34":0,"35":0,"36":0,"37":0,"38":0,"39":0,"40":0,"41":0,"42":0,"43":0,"44":0,"45":0,"46":0,"47":0,"48":0,"49":0,"50":0,"51":1,"52":0,"53":0,"54":0,"55":0,"56":0,"57":0,"58":0,"59":0,"60":0,"61":0,"62":0,"63":0,"64":0,"65":0,"66":0,"67":0,"68":0,"69":1,"70":0,"71":0,"72":0,"73":0,"74":0,"75":0,"76":0,"77":0,"78":0,"79":0,"80":0,"81":1,"82":0,"83":0,"84":0,"85":0,"86":0,"87":0,"88":0,"89":0,"90":0,"91":0,"92":0,"93":0,"94":0,"95":1,"96":0,"97":0,"98":0,"99":0,"100":0,"101":0,"102":0,"103":0,"104":0,"105":0,"106":0,"107":0,"108":0,"109":0,"110":0,"111":0,"112":1,"113":0,"114":0,"115":0,"116":0,"117":0,"118":0,"119":0,"120":0,"121":0,"122":0,"123":0,"124":1,"125":0,"126":0,"127":0,"128":0,"129":0,"130":0},"f":{"0":0,"1":0,"2":0,"3":0,"4":0,"5":0,"6":0,"7":0,"8":0,"9":0},"b":{"0":[0,0],"1":[0,0],"2":[0,0],"3":[0,0],"4":[0,0],"5":[0,0],"6":[0,0],"7":[0,0],"8":[0,0],"9":[0,0],"10":[0,0],"11":[0,0],"12":[0,0],"13":[0,0],"14":[0,0],"15":[0,0],"16":[0,0],"17":[0,0],"18":[0,0],"19":[0,0],"20":[0,0],"21":[0,0],"22":[0,0],"23":[0,0],"24":[0,0],"25":[0,0],"26":[0,0],"27":[0,0],"28":[0,0]},"_coverageSchema":"1a1c01bbd47fc00a2c39e90264f33305004495a9","hash":"3c320b409e8d0380dce2c85938ed646a2b7e9840"}
,"/home/jarvis/Documents/IT/Nayamo/backend/models/Order.js": {"path":"/home/jarvis/Documents/IT/Nayamo/backend/models/Order.js","statementMap":{"0":{"start":{"line":1,"column":17},"end":{"line":1,"column":36}},"1":{"start":{"line":3,"column":20},"end":{"line":187,"column":1}},"2":{"start":{"line":190,"column":0},"end":{"line":190,"column":46}},"3":{"start":{"line":191,"column":0},"end":{"line":191,"column":33}},"4":{"start":{"line":192,"column":0},"end":{"line":192,"column":40}},"5":{"start":{"line":193,"column":0},"end":{"line":193,"column":46}},"6":{"start":{"line":194,"column":0},"end":{"line":194,"column":37}},"7":{"start":{"line":196,"column":0},"end":{"line":196,"column":68}},"8":{"start":{"line":198,"column":0},"end":{"line":198,"column":54}}},"fnMap":{},"branchMap":{},"s":{"0":1,"1":1,"2":1,"3":1,"4":1,"5":1,"6":1,"7":1,"8":1},"f":{},"b":{},"_coverageSchema":"1a1c01bbd47fc00a2c39e90264f33305004495a9","hash":"2586b931d2391bb56dfc603823985892ea7cc70e"}
,"/home/jarvis/Documents/IT/Nayamo/backend/services/delhiveryService.js": {"path":"/home/jarvis/Documents/IT/Nayamo/backend/services/delhiveryService.js","statementMap":{"0":{"start":{"line":1,"column":14},"end":{"line":1,"column":30}},"1":{"start":{"line":2,"column":65},"end":{"line":2,"column":89}},"2":{"start":{"line":4,"column":15},"end":{"line":21,"column":1}},"3":{"start":{"line":5,"column":16},"end":{"line":5,"column":35}},"4":{"start":{"line":7,"column":2},"end":{"line":11,"column":3}},"5":{"start":{"line":8,"column":18},"end":{"line":8,"column":58}},"6":{"start":{"line":9,"column":4},"end":{"line":9,"column":27}},"7":{"start":{"line":10,"column":4},"end":{"line":10,"column":16}},"8":{"start":{"line":13,"column":2},"end":{"line":20,"column":5}},"9":{"start":{"line":29,"column":2},"end":{"line":29,"column":18}},"10":{"start":{"line":33,"column":2},"end":{"line":33,"column":17}},"11":{"start":{"line":37,"column":2},"end":{"line":37,"column":17}},"12":{"start":{"line":43,"column":0},"end":{"line":132,"column":2}},"13":{"start":{"line":44,"column":2},"end":{"line":46,"column":3}},"14":{"start":{"line":45,"column":4},"end":{"line":45,"column":41}},"15":{"start":{"line":48,"column":2},"end":{"line":131,"column":3}},"16":{"start":{"line":49,"column":16},"end":{"line":49,"column":24}},"17":{"start":{"line":50,"column":18},"end":{"line":50,"column":37}},"18":{"start":{"line":51,"column":20},"end":{"line":84,"column":5}},"19":{"start":{"line":89,"column":15},"end":{"line":89,"column":37}},"20":{"start":{"line":91,"column":21},"end":{"line":103,"column":5}},"21":{"start":{"line":108,"column":24},"end":{"line":108,"column":58}},"22":{"start":{"line":110,"column":20},"end":{"line":110,"column":45}},"23":{"start":{"line":112,"column":4},"end":{"line":118,"column":5}},"24":{"start":{"line":113,"column":6},"end":{"line":117,"column":8}},"25":{"start":{"line":120,"column":4},"end":{"line":126,"column":6}},"26":{"start":{"line":128,"column":4},"end":{"line":130,"column":6}},"27":{"start":{"line":137,"column":0},"end":{"line":154,"column":2}},"28":{"start":{"line":138,"column":2},"end":{"line":140,"column":3}},"29":{"start":{"line":139,"column":4},"end":{"line":139,"column":43}},"30":{"start":{"line":142,"column":2},"end":{"line":153,"column":3}},"31":{"start":{"line":143,"column":16},"end":{"line":143,"column":24}},"32":{"start":{"line":144,"column":21},"end":{"line":146,"column":5}},"33":{"start":{"line":148,"column":4},"end":{"line":148,"column":25}},"34":{"start":{"line":150,"column":4},"end":{"line":152,"column":6}}},"fnMap":{"0":{"name":"(anonymous_0)","decl":{"start":{"line":4,"column":15},"end":{"line":4,"column":16}},"loc":{"start":{"line":4,"column":21},"end":{"line":21,"column":1}},"line":4},"1":{"name":"toPinFromAddress","decl":{"start":{"line":26,"column":9},"end":{"line":26,"column":25}},"loc":{"start":{"line":26,"column":36},"end":{"line":30,"column":1}},"line":26},"2":{"name":"toCityFromAddress","decl":{"start":{"line":32,"column":9},"end":{"line":32,"column":26}},"loc":{"start":{"line":32,"column":37},"end":{"line":34,"column":1}},"line":32},"3":{"name":"toStateFromAddress","decl":{"start":{"line":36,"column":9},"end":{"line":36,"column":27}},"loc":{"start":{"line":36,"column":38},"end":{"line":38,"column":1}},"line":36},"4":{"name":"(anonymous_4)","decl":{"start":{"line":43,"column":25},"end":{"line":43,"column":26}},"loc":{"start":{"line":43,"column":42},"end":{"line":132,"column":1}},"line":43},"5":{"name":"(anonymous_5)","decl":{"start":{"line":137,"column":24},"end":{"line":137,"column":25}},"loc":{"start":{"line":137,"column":43},"end":{"line":154,"column":1}},"line":137}},"branchMap":{"0":{"loc":{"start":{"line":7,"column":2},"end":{"line":11,"column":3}},"type":"if","locations":[{"start":{"line":7,"column":2},"end":{"line":11,"column":3}},{"start":{},"end":{}}],"line":7},"1":{"loc":{"start":{"line":44,"column":2},"end":{"line":46,"column":3}},"type":"if","locations":[{"start":{"line":44,"column":2},"end":{"line":46,"column":3}},{"start":{},"end":{}}],"line":44},"2":{"loc":{"start":{"line":54,"column":16},"end":{"line":54,"column":46}},"type":"binary-expr","locations":[{"start":{"line":54,"column":16},"end":{"line":54,"column":32}},{"start":{"line":54,"column":36},"end":{"line":54,"column":46}}],"line":54},"3":{"loc":{"start":{"line":70,"column":24},"end":{"line":70,"column":73}},"type":"cond-expr","locations":[{"start":{"line":70,"column":56},"end":{"line":70,"column":61}},{"start":{"line":70,"column":64},"end":{"line":70,"column":73}}],"line":70},"4":{"loc":{"start":{"line":74,"column":20},"end":{"line":74,"column":71}},"type":"cond-expr","locations":[{"start":{"line":74,"column":49},"end":{"line":74,"column":67}},{"start":{"line":74,"column":70},"end":{"line":74,"column":71}}],"line":74},"5":{"loc":{"start":{"line":108,"column":24},"end":{"line":108,"column":58}},"type":"binary-expr","locations":[{"start":{"line":108,"column":24},"end":{"line":108,"column":52}},{"start":{"line":108,"column":56},"end":{"line":108,"column":58}}],"line":108},"6":{"loc":{"start":{"line":110,"column":20},"end":{"line":110,"column":45}},"type":"binary-expr","locations":[{"start":{"line":110,"column":20},"end":{"line":110,"column":39}},{"start":{"line":110,"column":43},"end":{"line":110,"column":45}}],"line":110},"7":{"loc":{"start":{"line":112,"column":4},"end":{"line":118,"column":5}},"type":"if","locations":[{"start":{"line":112,"column":4},"end":{"line":118,"column":5}},{"start":{},"end":{}}],"line":112},"8":{"loc":{"start":{"line":125,"column":16},"end":{"line":125,"column":71}},"type":"binary-expr","locations":[{"start":{"line":125,"column":16},"end":{"line":125,"column":38}},{"start":{"line":125,"column":42},"end":{"line":125,"column":63}},{"start":{"line":125,"column":67},"end":{"line":125,"column":71}}],"line":125},"9":{"loc":{"start":{"line":129,"column":6},"end":{"line":129,"column":78}},"type":"binary-expr","locations":[{"start":{"line":129,"column":6},"end":{"line":129,"column":33}},{"start":{"line":129,"column":37},"end":{"line":129,"column":48}},{"start":{"line":129,"column":52},"end":{"line":129,"column":78}}],"line":129},"10":{"loc":{"start":{"line":138,"column":2},"end":{"line":140,"column":3}},"type":"if","locations":[{"start":{"line":138,"column":2},"end":{"line":140,"column":3}},{"start":{},"end":{}}],"line":138},"11":{"loc":{"start":{"line":151,"column":6},"end":{"line":151,"column":69}},"type":"binary-expr","locations":[{"start":{"line":151,"column":6},"end":{"line":151,"column":33}},{"start":{"line":151,"column":37},"end":{"line":151,"column":48}},{"start":{"line":151,"column":52},"end":{"line":151,"column":69}}],"line":151}},"s":{"0":1,"1":1,"2":1,"3":0,"4":0,"5":0,"6":0,"7":0,"8":0,"9":0,"10":0,"11":0,"12":1,"13":0,"14":0,"15":0,"16":0,"17":0,"18":0,"19":0,"20":0,"21":0,"22":0,"23":0,"24":0,"25":0,"26":0,"27":1,"28":0,"29":0,"30":0,"31":0,"32":0,"33":0,"34":0},"f":{"0":0,"1":0,"2":0,"3":0,"4":0,"5":0},"b":{"0":[0,0],"1":[0,0],"2":[0,0],"3":[0,0],"4":[0,0],"5":[0,0],"6":[0,0],"7":[0,0],"8":[0,0,0],"9":[0,0,0],"10":[0,0],"11":[0,0,0]},"_coverageSchema":"1a1c01bbd47fc00a2c39e90264f33305004495a9","hash":"25a0226cbddd353b454a20011b9a40f913756542"}
,"/home/jarvis/Documents/IT/Nayamo/backend/utils/asyncHandler.js": {"path":"/home/jarvis/Documents/IT/Nayamo/backend/utils/asyncHandler.js","statementMap":{"0":{"start":{"line":6,"column":21},"end":{"line":10,"column":1}},"1":{"start":{"line":6,"column":29},"end":{"line":10,"column":1}},"2":{"start":{"line":7,"column":2},"end":{"line":9,"column":17}},"3":{"start":{"line":8,"column":16},"end":{"line":8,"column":34}},"4":{"start":{"line":12,"column":0},"end":{"line":12,"column":30}}},"fnMap":{"0":{"name":"(anonymous_0)","decl":{"start":{"line":6,"column":21},"end":{"line":6,"column":22}},"loc":{"start":{"line":6,"column":29},"end":{"line":10,"column":1}},"line":6},"1":{"name":"(anonymous_1)","decl":{"start":{"line":6,"column":29},"end":{"line":6,"column":30}},"loc":{"start":{"line":6,"column":49},"end":{"line":10,"column":1}},"line":6},"2":{"name":"(anonymous_2)","decl":{"start":{"line":8,"column":10},"end":{"line":8,"column":11}},"loc":{"start":{"line":8,"column":16},"end":{"line":8,"column":34}},"line":8}},"branchMap":{},"s":{"0":1,"1":8,"2":0,"3":0,"4":1},"f":{"0":8,"1":0,"2":0},"b":{},"_coverageSchema":"1a1c01bbd47fc00a2c39e90264f33305004495a9","hash":"cbbfc7ac71a8e3cfc89d6048662a745325fec81f"}
}
