{"/home/jarvis/Documents/IT/Nayamo/backend/controllers/reviewController.js": {"path":"/home/jarvis/Documents/IT/Nayamo/backend/controllers/reviewController.js","statementMap":{"0":{"start":{"line":1,"column":15},"end":{"line":1,"column":42}},"1":{"start":{"line":2,"column":16},"end":{"line":2,"column":44}},"2":{"start":{"line":3,"column":21},"end":{"line":3,"column":53}},"3":{"start":{"line":4,"column":17},"end":{"line":4,"column":36}},"4":{"start":{"line":5,"column":15},"end":{"line":5,"column":42}},"5":{"start":{"line":6,"column":19},"end":{"line":6,"column":50}},"6":{"start":{"line":7,"column":37},"end":{"line":7,"column":73}},"7":{"start":{"line":8,"column":35},"end":{"line":8,"column":77}},"8":{"start":{"line":10,"column":28},"end":{"line":32,"column":1}},"9":{"start":{"line":11,"column":20},"end":{"line":17,"column":3}},"10":{"start":{"line":14,"column":24},"end":{"line":14,"column":39}},"11":{"start":{"line":19,"column":2},"end":{"line":19,"column":37}},"12":{"start":{"line":19,"column":30},"end":{"line":19,"column":37}},"13":{"start":{"line":21,"column":18},"end":{"line":23,"column":3}},"14":{"start":{"line":22,"column":32},"end":{"line":22,"column":69}},"15":{"start":{"line":25,"column":2},"end":{"line":31,"column":5}},"16":{"start":{"line":26,"column":4},"end":{"line":30,"column":5}},"17":{"start":{"line":27,"column":6},"end":{"line":29,"column":8}},"18":{"start":{"line":34,"column":28},"end":{"line":58,"column":1}},"19":{"start":{"line":35,"column":20},"end":{"line":41,"column":3}},"20":{"start":{"line":38,"column":24},"end":{"line":38,"column":39}},"21":{"start":{"line":43,"column":2},"end":{"line":43,"column":37}},"22":{"start":{"line":43,"column":30},"end":{"line":43,"column":37}},"23":{"start":{"line":45,"column":18},"end":{"line":49,"column":3}},"24":{"start":{"line":47,"column":6},"end":{"line":47,"column":71}},"25":{"start":{"line":51,"column":2},"end":{"line":57,"column":5}},"26":{"start":{"line":52,"column":4},"end":{"line":56,"column":5}},"27":{"start":{"line":53,"column":6},"end":{"line":55,"column":8}},"28":{"start":{"line":60,"column":27},"end":{"line":86,"column":1}},"29":{"start":{"line":61,"column":25},"end":{"line":61,"column":27}},"30":{"start":{"line":63,"column":2},"end":{"line":85,"column":3}},"31":{"start":{"line":64,"column":4},"end":{"line":79,"column":5}},"32":{"start":{"line":65,"column":21},"end":{"line":73,"column":8}},"33":{"start":{"line":75,"column":6},"end":{"line":78,"column":9}},"34":{"start":{"line":81,"column":4},"end":{"line":81,"column":26}},"35":{"start":{"line":83,"column":4},"end":{"line":83,"column":65}},"36":{"start":{"line":84,"column":4},"end":{"line":84,"column":16}},"37":{"start":{"line":88,"column":27},"end":{"line":115,"column":1}},"38":{"start":{"line":89,"column":25},"end":{"line":89,"column":27}},"39":{"start":{"line":91,"column":2},"end":{"line":114,"column":3}},"40":{"start":{"line":92,"column":4},"end":{"line":108,"column":5}},"41":{"start":{"line":93,"column":21},"end":{"line":102,"column":8}},"42":{"start":{"line":104,"column":6},"end":{"line":107,"column":9}},"43":{"start":{"line":110,"column":4},"end":{"line":110,"column":26}},"44":{"start":{"line":112,"column":4},"end":{"line":112,"column":65}},"45":{"start":{"line":113,"column":4},"end":{"line":113,"column":16}},"46":{"start":{"line":118,"column":0},"end":{"line":231,"column":3}},"47":{"start":{"line":119,"column":24},"end":{"line":119,"column":34}},"48":{"start":{"line":120,"column":37},"end":{"line":120,"column":45}},"49":{"start":{"line":121,"column":27},"end":{"line":121,"column":41}},"50":{"start":{"line":124,"column":2},"end":{"line":127,"column":3}},"51":{"start":{"line":125,"column":4},"end":{"line":125,"column":20}},"52":{"start":{"line":126,"column":4},"end":{"line":126,"column":70}},"53":{"start":{"line":130,"column":2},"end":{"line":133,"column":3}},"54":{"start":{"line":131,"column":4},"end":{"line":131,"column":20}},"55":{"start":{"line":132,"column":4},"end":{"line":132,"column":42}},"56":{"start":{"line":135,"column":30},"end":{"line":135,"column":68}},"57":{"start":{"line":137,"column":18},"end":{"line":137,"column":81}},"58":{"start":{"line":138,"column":2},"end":{"line":141,"column":3}},"59":{"start":{"line":139,"column":4},"end":{"line":139,"column":20}},"60":{"start":{"line":140,"column":4},"end":{"line":140,"column":41}},"61":{"start":{"line":143,"column":28},"end":{"line":143,"column":77}},"62":{"start":{"line":144,"column":2},"end":{"line":147,"column":3}},"63":{"start":{"line":145,"column":4},"end":{"line":145,"column":20}},"64":{"start":{"line":146,"column":4},"end":{"line":146,"column":50}},"65":{"start":{"line":149,"column":2},"end":{"line":152,"column":3}},"66":{"start":{"line":150,"column":4},"end":{"line":150,"column":20}},"67":{"start":{"line":151,"column":4},"end":{"line":151,"column":68}},"68":{"start":{"line":155,"column":25},"end":{"line":158,"column":4}},"69":{"start":{"line":160,"column":2},"end":{"line":163,"column":3}},"70":{"start":{"line":161,"column":4},"end":{"line":161,"column":20}},"71":{"start":{"line":162,"column":4},"end":{"line":162,"column":62}},"72":{"start":{"line":167,"column":22},"end":{"line":167,"column":37}},"73":{"start":{"line":168,"column":21},"end":{"line":170,"column":30}},"74":{"start":{"line":171,"column":21},"end":{"line":173,"column":30}},"75":{"start":{"line":175,"column":25},"end":{"line":175,"column":61}},"76":{"start":{"line":176,"column":25},"end":{"line":176,"column":61}},"77":{"start":{"line":177,"column":26},"end":{"line":177,"column":71}},"78":{"start":{"line":180,"column":2},"end":{"line":196,"column":3}},"79":{"start":{"line":181,"column":4},"end":{"line":191,"column":7}},"80":{"start":{"line":193,"column":4},"end":{"line":193,"column":74}},"81":{"start":{"line":194,"column":4},"end":{"line":194,"column":74}},"82":{"start":{"line":195,"column":4},"end":{"line":195,"column":16}},"83":{"start":{"line":199,"column":16},"end":{"line":208,"column":4}},"84":{"start":{"line":210,"column":2},"end":{"line":213,"column":5}},"85":{"start":{"line":216,"column":2},"end":{"line":216,"column":40}},"86":{"start":{"line":217,"column":2},"end":{"line":217,"column":44}},"87":{"start":{"line":219,"column":2},"end":{"line":219,"column":87}},"88":{"start":{"line":222,"column":2},"end":{"line":224,"column":4}},"89":{"start":{"line":223,"column":4},"end":{"line":223,"column":60}},"90":{"start":{"line":226,"column":2},"end":{"line":230,"column":5}},"91":{"start":{"line":234,"column":0},"end":{"line":306,"column":3}},"92":{"start":{"line":235,"column":86},"end":{"line":235,"column":95}},"93":{"start":{"line":237,"column":16},"end":{"line":237,"column":18}},"94":{"start":{"line":238,"column":2},"end":{"line":242,"column":3}},"95":{"start":{"line":239,"column":4},"end":{"line":241,"column":62}},"96":{"start":{"line":239,"column":30},"end":{"line":239,"column":55}},"97":{"start":{"line":240,"column":9},"end":{"line":241,"column":62}},"98":{"start":{"line":240,"column":36},"end":{"line":240,"column":60}},"99":{"start":{"line":241,"column":9},"end":{"line":241,"column":62}},"100":{"start":{"line":241,"column":36},"end":{"line":241,"column":62}},"101":{"start":{"line":243,"column":2},"end":{"line":243,"column":44}},"102":{"start":{"line":243,"column":14},"end":{"line":243,"column":44}},"103":{"start":{"line":244,"column":2},"end":{"line":244,"column":39}},"104":{"start":{"line":244,"column":15},"end":{"line":244,"column":39}},"105":{"start":{"line":245,"column":2},"end":{"line":253,"column":3}},"106":{"start":{"line":246,"column":4},"end":{"line":246,"column":25}},"107":{"start":{"line":247,"column":4},"end":{"line":247,"column":60}},"108":{"start":{"line":247,"column":18},"end":{"line":247,"column":60}},"109":{"start":{"line":248,"column":4},"end":{"line":252,"column":5}},"110":{"start":{"line":249,"column":22},"end":{"line":249,"column":38}},"111":{"start":{"line":250,"column":6},"end":{"line":250,"column":40}},"112":{"start":{"line":251,"column":6},"end":{"line":251,"column":37}},"113":{"start":{"line":255,"column":15},"end":{"line":255,"column":33}},"114":{"start":{"line":257,"column":18},"end":{"line":263,"column":11}},"115":{"start":{"line":265,"column":21},"end":{"line":265,"column":55}},"116":{"start":{"line":267,"column":16},"end":{"line":276,"column":4}},"117":{"start":{"line":279,"column":24},"end":{"line":279,"column":31}},"118":{"start":{"line":280,"column":2},"end":{"line":288,"column":3}},"119":{"start":{"line":281,"column":23},"end":{"line":281,"column":46}},"120":{"start":{"line":282,"column":4},"end":{"line":287,"column":6}},"121":{"start":{"line":283,"column":6},"end":{"line":286,"column":49}},"122":{"start":{"line":290,"column":2},"end":{"line":305,"column":5}},"123":{"start":{"line":294,"column":31},"end":{"line":294,"column":50}},"124":{"start":{"line":295,"column":32},"end":{"line":295,"column":52}},"125":{"start":{"line":296,"column":32},"end":{"line":296,"column":52}},"126":{"start":{"line":309,"column":0},"end":{"line":324,"column":3}},"127":{"start":{"line":310,"column":17},"end":{"line":313,"column":11}},"128":{"start":{"line":315,"column":2},"end":{"line":318,"column":3}},"129":{"start":{"line":316,"column":4},"end":{"line":316,"column":20}},"130":{"start":{"line":317,"column":4},"end":{"line":317,"column":40}},"131":{"start":{"line":320,"column":2},"end":{"line":323,"column":5}},"132":{"start":{"line":327,"column":0},"end":{"line":375,"column":3}},"133":{"start":{"line":328,"column":17},"end":{"line":336,"column":63}},"134":{"start":{"line":338,"column":2},"end":{"line":341,"column":3}},"135":{"start":{"line":339,"column":4},"end":{"line":339,"column":20}},"136":{"start":{"line":340,"column":4},"end":{"line":340,"column":40}},"137":{"start":{"line":343,"column":2},"end":{"line":343,"column":59}},"138":{"start":{"line":346,"column":20},"end":{"line":346,"column":57}},"139":{"start":{"line":347,"column":2},"end":{"line":363,"column":3}},"140":{"start":{"line":348,"column":18},"end":{"line":357,"column":6}},"141":{"start":{"line":359,"column":4},"end":{"line":362,"column":7}},"142":{"start":{"line":366,"column":2},"end":{"line":368,"column":4}},"143":{"start":{"line":367,"column":4},"end":{"line":367,"column":60}},"144":{"start":{"line":370,"column":2},"end":{"line":374,"column":5}},"145":{"start":{"line":378,"column":0},"end":{"line":406,"column":3}},"146":{"start":{"line":379,"column":21},"end":{"line":379,"column":29}},"147":{"start":{"line":381,"column":17},"end":{"line":390,"column":63}},"148":{"start":{"line":392,"column":2},"end":{"line":395,"column":3}},"149":{"start":{"line":393,"column":4},"end":{"line":393,"column":20}},"150":{"start":{"line":394,"column":4},"end":{"line":394,"column":40}},"151":{"start":{"line":397,"column":2},"end":{"line":397,"column":59}},"152":{"start":{"line":399,"column":2},"end":{"line":399,"column":72}},"153":{"start":{"line":401,"column":2},"end":{"line":405,"column":5}},"154":{"start":{"line":409,"column":0},"end":{"line":428,"column":3}},"155":{"start":{"line":410,"column":17},"end":{"line":410,"column":62}},"156":{"start":{"line":412,"column":2},"end":{"line":415,"column":3}},"157":{"start":{"line":413,"column":4},"end":{"line":413,"column":20}},"158":{"start":{"line":414,"column":4},"end":{"line":414,"column":40}},"159":{"start":{"line":417,"column":2},"end":{"line":417,"column":58}},"160":{"start":{"line":419,"column":0},"end":{"line":419,"column":60}},"161":{"start":{"line":420,"column":2},"end":{"line":420,"column":62}},"162":{"start":{"line":422,"column":2},"end":{"line":422,"column":49}},"163":{"start":{"line":424,"column":2},"end":{"line":427,"column":5}},"164":{"start":{"line":431,"column":0},"end":{"line":458,"column":3}},"165":{"start":{"line":432,"column":18},"end":{"line":432,"column":26}},"166":{"start":{"line":434,"column":2},"end":{"line":437,"column":3}},"167":{"start":{"line":435,"column":4},"end":{"line":435,"column":20}},"168":{"start":{"line":436,"column":4},"end":{"line":436,"column":49}},"169":{"start":{"line":439,"column":17},"end":{"line":446,"column":3}},"170":{"start":{"line":448,"column":2},"end":{"line":448,"column":67}},"171":{"start":{"line":450,"column":21},"end":{"line":450,"column":76}},"172":{"start":{"line":451,"column":2},"end":{"line":451,"column":88}},"173":{"start":{"line":451,"column":50},"end":{"line":451,"column":85}},"174":{"start":{"line":453,"column":2},"end":{"line":457,"column":5}},"175":{"start":{"line":461,"column":0},"end":{"line":511,"column":3}},"176":{"start":{"line":462,"column":24},"end":{"line":462,"column":34}},"177":{"start":{"line":463,"column":35},"end":{"line":463,"column":44}},"178":{"start":{"line":465,"column":2},"end":{"line":468,"column":3}},"179":{"start":{"line":466,"column":4},"end":{"line":466,"column":20}},"180":{"start":{"line":467,"column":4},"end":{"line":467,"column":42}},"181":{"start":{"line":470,"column":30},"end":{"line":470,"column":68}},"182":{"start":{"line":472,"column":15},"end":{"line":472,"column":33}},"183":{"start":{"line":474,"column":18},"end":{"line":479,"column":11}},"184":{"start":{"line":481,"column":21},"end":{"line":481,"column":100}},"185":{"start":{"line":484,"column":22},"end":{"line":493,"column":4}},"186":{"start":{"line":495,"column":16},"end":{"line":498,"column":3}},"187":{"start":{"line":500,"column":2},"end":{"line":510,"column":5}},"188":{"start":{"line":514,"column":0},"end":{"line":571,"column":3}},"189":{"start":{"line":515,"column":24},"end":{"line":515,"column":34}},"190":{"start":{"line":517,"column":2},"end":{"line":520,"column":3}},"191":{"start":{"line":518,"column":4},"end":{"line":518,"column":20}},"192":{"start":{"line":519,"column":4},"end":{"line":519,"column":42}},"193":{"start":{"line":522,"column":30},"end":{"line":522,"column":68}},"194":{"start":{"line":524,"column":36},"end":{"line":544,"column":4}},"195":{"start":{"line":546,"column":17},"end":{"line":552,"column":3}},"196":{"start":{"line":554,"column":2},"end":{"line":558,"column":5}},"197":{"start":{"line":555,"column":4},"end":{"line":557,"column":5}},"198":{"start":{"line":556,"column":6},"end":{"line":556,"column":36}},"199":{"start":{"line":560,"column":20},"end":{"line":560,"column":91}},"200":{"start":{"line":561,"column":16},"end":{"line":561,"column":40}},"201":{"start":{"line":563,"column":2},"end":{"line":570,"column":5}},"202":{"start":{"line":574,"column":0},"end":{"line":625,"column":3}},"203":{"start":{"line":575,"column":16},"end":{"line":583,"column":4}},"204":{"start":{"line":585,"column":23},"end":{"line":613,"column":4}},"205":{"start":{"line":615,"column":2},"end":{"line":624,"column":5}},"206":{"start":{"line":618,"column":31},"end":{"line":618,"column":50}},"207":{"start":{"line":619,"column":32},"end":{"line":619,"column":52}},"208":{"start":{"line":620,"column":32},"end":{"line":620,"column":52}},"209":{"start":{"line":621,"column":34},"end":{"line":621,"column":54}}},"fnMap":{"0":{"name":"(anonymous_0)","decl":{"start":{"line":10,"column":28},"end":{"line":10,"column":29}},"loc":{"start":{"line":10,"column":55},"end":{"line":32,"column":1}},"line":10},"1":{"name":"(anonymous_1)","decl":{"start":{"line":14,"column":13},"end":{"line":14,"column":14}},"loc":{"start":{"line":14,"column":24},"end":{"line":14,"column":39}},"line":14},"2":{"name":"(anonymous_2)","decl":{"start":{"line":22,"column":18},"end":{"line":22,"column":19}},"loc":{"start":{"line":22,"column":32},"end":{"line":22,"column":69}},"line":22},"3":{"name":"(anonymous_3)","decl":{"start":{"line":25,"column":18},"end":{"line":25,"column":19}},"loc":{"start":{"line":25,"column":37},"end":{"line":31,"column":3}},"line":25},"4":{"name":"(anonymous_4)","decl":{"start":{"line":34,"column":28},"end":{"line":34,"column":29}},"loc":{"start":{"line":34,"column":55},"end":{"line":58,"column":1}},"line":34},"5":{"name":"(anonymous_5)","decl":{"start":{"line":38,"column":13},"end":{"line":38,"column":14}},"loc":{"start":{"line":38,"column":24},"end":{"line":38,"column":39}},"line":38},"6":{"name":"(anonymous_6)","decl":{"start":{"line":46,"column":18},"end":{"line":46,"column":19}},"loc":{"start":{"line":47,"column":6},"end":{"line":47,"column":71}},"line":47},"7":{"name":"(anonymous_7)","decl":{"start":{"line":51,"column":18},"end":{"line":51,"column":19}},"loc":{"start":{"line":51,"column":37},"end":{"line":57,"column":3}},"line":51},"8":{"name":"(anonymous_8)","decl":{"start":{"line":60,"column":27},"end":{"line":60,"column":28}},"loc":{"start":{"line":60,"column":49},"end":{"line":86,"column":1}},"line":60},"9":{"name":"(anonymous_9)","decl":{"start":{"line":88,"column":27},"end":{"line":88,"column":28}},"loc":{"start":{"line":88,"column":49},"end":{"line":115,"column":1}},"line":88},"10":{"name":"(anonymous_10)","decl":{"start":{"line":118,"column":36},"end":{"line":118,"column":37}},"loc":{"start":{"line":118,"column":56},"end":{"line":231,"column":1}},"line":118},"11":{"name":"(anonymous_11)","decl":{"start":{"line":222,"column":53},"end":{"line":222,"column":54}},"loc":{"start":{"line":223,"column":4},"end":{"line":223,"column":60}},"line":223},"12":{"name":"(anonymous_12)","decl":{"start":{"line":234,"column":37},"end":{"line":234,"column":38}},"loc":{"start":{"line":234,"column":57},"end":{"line":306,"column":1}},"line":234},"13":{"name":"(anonymous_13)","decl":{"start":{"line":282,"column":37},"end":{"line":282,"column":38}},"loc":{"start":{"line":283,"column":6},"end":{"line":286,"column":49}},"line":283},"14":{"name":"(anonymous_14)","decl":{"start":{"line":294,"column":26},"end":{"line":294,"column":27}},"loc":{"start":{"line":294,"column":31},"end":{"line":294,"column":50}},"line":294},"15":{"name":"(anonymous_15)","decl":{"start":{"line":295,"column":27},"end":{"line":295,"column":28}},"loc":{"start":{"line":295,"column":32},"end":{"line":295,"column":52}},"line":295},"16":{"name":"(anonymous_16)","decl":{"start":{"line":296,"column":27},"end":{"line":296,"column":28}},"loc":{"start":{"line":296,"column":32},"end":{"line":296,"column":52}},"line":296},"17":{"name":"(anonymous_17)","decl":{"start":{"line":309,"column":33},"end":{"line":309,"column":34}},"loc":{"start":{"line":309,"column":53},"end":{"line":324,"column":1}},"line":309},"18":{"name":"(anonymous_18)","decl":{"start":{"line":327,"column":37},"end":{"line":327,"column":38}},"loc":{"start":{"line":327,"column":57},"end":{"line":375,"column":1}},"line":327},"19":{"name":"(anonymous_19)","decl":{"start":{"line":366,"column":58},"end":{"line":366,"column":59}},"loc":{"start":{"line":367,"column":4},"end":{"line":367,"column":60}},"line":367},"20":{"name":"(anonymous_20)","decl":{"start":{"line":378,"column":36},"end":{"line":378,"column":37}},"loc":{"start":{"line":378,"column":56},"end":{"line":406,"column":1}},"line":378},"21":{"name":"(anonymous_21)","decl":{"start":{"line":409,"column":36},"end":{"line":409,"column":37}},"loc":{"start":{"line":409,"column":56},"end":{"line":428,"column":1}},"line":409},"22":{"name":"(anonymous_22)","decl":{"start":{"line":431,"column":35},"end":{"line":431,"column":36}},"loc":{"start":{"line":431,"column":55},"end":{"line":458,"column":1}},"line":431},"23":{"name":"(anonymous_23)","decl":{"start":{"line":451,"column":35},"end":{"line":451,"column":36}},"loc":{"start":{"line":451,"column":50},"end":{"line":451,"column":85}},"line":451},"24":{"name":"(anonymous_24)","decl":{"start":{"line":461,"column":41},"end":{"line":461,"column":42}},"loc":{"start":{"line":461,"column":61},"end":{"line":511,"column":1}},"line":461},"25":{"name":"(anonymous_25)","decl":{"start":{"line":514,"column":45},"end":{"line":514,"column":46}},"loc":{"start":{"line":514,"column":65},"end":{"line":571,"column":1}},"line":514},"26":{"name":"(anonymous_26)","decl":{"start":{"line":554,"column":23},"end":{"line":554,"column":24}},"loc":{"start":{"line":554,"column":33},"end":{"line":558,"column":3}},"line":554},"27":{"name":"(anonymous_27)","decl":{"start":{"line":574,"column":38},"end":{"line":574,"column":39}},"loc":{"start":{"line":574,"column":58},"end":{"line":625,"column":1}},"line":574},"28":{"name":"(anonymous_28)","decl":{"start":{"line":618,"column":26},"end":{"line":618,"column":27}},"loc":{"start":{"line":618,"column":31},"end":{"line":618,"column":50}},"line":618},"29":{"name":"(anonymous_29)","decl":{"start":{"line":619,"column":27},"end":{"line":619,"column":28}},"loc":{"start":{"line":619,"column":32},"end":{"line":619,"column":52}},"line":619},"30":{"name":"(anonymous_30)","decl":{"start":{"line":620,"column":27},"end":{"line":620,"column":28}},"loc":{"start":{"line":620,"column":32},"end":{"line":620,"column":52}},"line":620},"31":{"name":"(anonymous_31)","decl":{"start":{"line":621,"column":29},"end":{"line":621,"column":30}},"loc":{"start":{"line":621,"column":34},"end":{"line":621,"column":54}},"line":621}},"branchMap":{"0":{"loc":{"start":{"line":13,"column":7},"end":{"line":13,"column":19}},"type":"binary-expr","locations":[{"start":{"line":13,"column":7},"end":{"line":13,"column":13}},{"start":{"line":13,"column":17},"end":{"line":13,"column":19}}],"line":13},"1":{"loc":{"start":{"line":19,"column":2},"end":{"line":19,"column":37}},"type":"if","locations":[{"start":{"line":19,"column":2},"end":{"line":19,"column":37}},{"start":{},"end":{}}],"line":19},"2":{"loc":{"start":{"line":26,"column":4},"end":{"line":30,"column":5}},"type":"if","locations":[{"start":{"line":26,"column":4},"end":{"line":30,"column":5}},{"start":{},"end":{}}],"line":26},"3":{"loc":{"start":{"line":28,"column":82},"end":{"line":28,"column":121}},"type":"binary-expr","locations":[{"start":{"line":28,"column":82},"end":{"line":28,"column":104}},{"start":{"line":28,"column":108},"end":{"line":28,"column":121}}],"line":28},"4":{"loc":{"start":{"line":37,"column":7},"end":{"line":37,"column":19}},"type":"binary-expr","locations":[{"start":{"line":37,"column":7},"end":{"line":37,"column":13}},{"start":{"line":37,"column":17},"end":{"line":37,"column":19}}],"line":37},"5":{"loc":{"start":{"line":43,"column":2},"end":{"line":43,"column":37}},"type":"if","locations":[{"start":{"line":43,"column":2},"end":{"line":43,"column":37}},{"start":{},"end":{}}],"line":43},"6":{"loc":{"start":{"line":52,"column":4},"end":{"line":56,"column":5}},"type":"if","locations":[{"start":{"line":52,"column":4},"end":{"line":56,"column":5}},{"start":{},"end":{}}],"line":52},"7":{"loc":{"start":{"line":54,"column":82},"end":{"line":54,"column":121}},"type":"binary-expr","locations":[{"start":{"line":54,"column":82},"end":{"line":54,"column":104}},{"start":{"line":54,"column":108},"end":{"line":54,"column":121}}],"line":54},"8":{"loc":{"start":{"line":60,"column":34},"end":{"line":60,"column":44}},"type":"default-arg","locations":[{"start":{"line":60,"column":42},"end":{"line":60,"column":44}}],"line":60},"9":{"loc":{"start":{"line":88,"column":34},"end":{"line":88,"column":44}},"type":"default-arg","locations":[{"start":{"line":88,"column":42},"end":{"line":88,"column":44}}],"line":88},"10":{"loc":{"start":{"line":124,"column":2},"end":{"line":127,"column":3}},"type":"if","locations":[{"start":{"line":124,"column":2},"end":{"line":127,"column":3}},{"start":{},"end":{}}],"line":124},"11":{"loc":{"start":{"line":124,"column":6},"end":{"line":124,"column":88}},"type":"binary-expr","locations":[{"start":{"line":124,"column":6},"end":{"line":124,"column":40}},{"start":{"line":124,"column":44},"end":{"line":124,"column":64}},{"start":{"line":124,"column":68},"end":{"line":124,"column":88}}],"line":124},"12":{"loc":{"start":{"line":130,"column":2},"end":{"line":133,"column":3}},"type":"if","locations":[{"start":{"line":130,"column":2},"end":{"line":133,"column":3}},{"start":{},"end":{}}],"line":130},"13":{"loc":{"start":{"line":138,"column":2},"end":{"line":141,"column":3}},"type":"if","locations":[{"start":{"line":138,"column":2},"end":{"line":141,"column":3}},{"start":{},"end":{}}],"line":138},"14":{"loc":{"start":{"line":143,"column":28},"end":{"line":143,"column":77}},"type":"cond-expr","locations":[{"start":{"line":143,"column":58},"end":{"line":143,"column":72}},{"start":{"line":143,"column":75},"end":{"line":143,"column":77}}],"line":143},"15":{"loc":{"start":{"line":144,"column":2},"end":{"line":147,"column":3}},"type":"if","locations":[{"start":{"line":144,"column":2},"end":{"line":147,"column":3}},{"start":{},"end":{}}],"line":144},"16":{"loc":{"start":{"line":149,"column":2},"end":{"line":152,"column":3}},"type":"if","locations":[{"start":{"line":149,"column":2},"end":{"line":152,"column":3}},{"start":{},"end":{}}],"line":149},"17":{"loc":{"start":{"line":160,"column":2},"end":{"line":163,"column":3}},"type":"if","locations":[{"start":{"line":160,"column":2},"end":{"line":163,"column":3}},{"start":{},"end":{}}],"line":160},"18":{"loc":{"start":{"line":167,"column":22},"end":{"line":167,"column":37}},"type":"binary-expr","locations":[{"start":{"line":167,"column":22},"end":{"line":167,"column":31}},{"start":{"line":167,"column":35},"end":{"line":167,"column":37}}],"line":167},"19":{"loc":{"start":{"line":168,"column":21},"end":{"line":170,"column":30}},"type":"cond-expr","locations":[{"start":{"line":169,"column":6},"end":{"line":169,"column":17}},{"start":{"line":170,"column":6},"end":{"line":170,"column":30}}],"line":168},"20":{"loc":{"start":{"line":170,"column":6},"end":{"line":170,"column":30}},"type":"binary-expr","locations":[{"start":{"line":170,"column":6},"end":{"line":170,"column":24}},{"start":{"line":170,"column":28},"end":{"line":170,"column":30}}],"line":170},"21":{"loc":{"start":{"line":171,"column":21},"end":{"line":173,"column":30}},"type":"cond-expr","locations":[{"start":{"line":172,"column":6},"end":{"line":172,"column":8}},{"start":{"line":173,"column":6},"end":{"line":173,"column":30}}],"line":171},"22":{"loc":{"start":{"line":173,"column":6},"end":{"line":173,"column":30}},"type":"binary-expr","locations":[{"start":{"line":173,"column":6},"end":{"line":173,"column":24}},{"start":{"line":173,"column":28},"end":{"line":173,"column":30}}],"line":173},"23":{"loc":{"start":{"line":177,"column":26},"end":{"line":177,"column":71}},"type":"cond-expr","locations":[{"start":{"line":177,"column":54},"end":{"line":177,"column":66}},{"start":{"line":177,"column":69},"end":{"line":177,"column":71}}],"line":177},"24":{"loc":{"start":{"line":186,"column":13},"end":{"line":186,"column":83}},"type":"binary-expr","locations":[{"start":{"line":186,"column":13},"end":{"line":186,"column":28}},{"start":{"line":186,"column":32},"end":{"line":186,"column":66}},{"start":{"line":186,"column":70},"end":{"line":186,"column":83}}],"line":186},"25":{"loc":{"start":{"line":211,"column":35},"end":{"line":211,"column":59}},"type":"binary-expr","locations":[{"start":{"line":211,"column":35},"end":{"line":211,"column":54}},{"start":{"line":211,"column":58},"end":{"line":211,"column":59}}],"line":211},"26":{"loc":{"start":{"line":212,"column":21},"end":{"line":212,"column":41}},"type":"binary-expr","locations":[{"start":{"line":212,"column":21},"end":{"line":212,"column":36}},{"start":{"line":212,"column":40},"end":{"line":212,"column":41}}],"line":212},"27":{"loc":{"start":{"line":235,"column":10},"end":{"line":235,"column":18}},"type":"default-arg","locations":[{"start":{"line":235,"column":17},"end":{"line":235,"column":18}}],"line":235},"28":{"loc":{"start":{"line":235,"column":20},"end":{"line":235,"column":30}},"type":"default-arg","locations":[{"start":{"line":235,"column":28},"end":{"line":235,"column":30}}],"line":235},"29":{"loc":{"start":{"line":238,"column":2},"end":{"line":242,"column":3}},"type":"if","locations":[{"start":{"line":238,"column":2},"end":{"line":242,"column":3}},{"start":{},"end":{}}],"line":238},"30":{"loc":{"start":{"line":239,"column":4},"end":{"line":241,"column":62}},"type":"if","locations":[{"start":{"line":239,"column":4},"end":{"line":241,"column":62}},{"start":{"line":240,"column":9},"end":{"line":241,"column":62}}],"line":239},"31":{"loc":{"start":{"line":240,"column":9},"end":{"line":241,"column":62}},"type":"if","locations":[{"start":{"line":240,"column":9},"end":{"line":241,"column":62}},{"start":{"line":241,"column":9},"end":{"line":241,"column":62}}],"line":240},"32":{"loc":{"start":{"line":241,"column":9},"end":{"line":241,"column":62}},"type":"if","locations":[{"start":{"line":241,"column":9},"end":{"line":241,"column":62}},{"start":{},"end":{}}],"line":241},"33":{"loc":{"start":{"line":243,"column":2},"end":{"line":243,"column":44}},"type":"if","locations":[{"start":{"line":243,"column":2},"end":{"line":243,"column":44}},{"start":{},"end":{}}],"line":243},"34":{"loc":{"start":{"line":244,"column":2},"end":{"line":244,"column":39}},"type":"if","locations":[{"start":{"line":244,"column":2},"end":{"line":244,"column":39}},{"start":{},"end":{}}],"line":244},"35":{"loc":{"start":{"line":245,"column":2},"end":{"line":253,"column":3}},"type":"if","locations":[{"start":{"line":245,"column":2},"end":{"line":253,"column":3}},{"start":{},"end":{}}],"line":245},"36":{"loc":{"start":{"line":245,"column":6},"end":{"line":245,"column":24}},"type":"binary-expr","locations":[{"start":{"line":245,"column":6},"end":{"line":245,"column":14}},{"start":{"line":245,"column":18},"end":{"line":245,"column":24}}],"line":245},"37":{"loc":{"start":{"line":247,"column":4},"end":{"line":247,"column":60}},"type":"if","locations":[{"start":{"line":247,"column":4},"end":{"line":247,"column":60}},{"start":{},"end":{}}],"line":247},"38":{"loc":{"start":{"line":248,"column":4},"end":{"line":252,"column":5}},"type":"if","locations":[{"start":{"line":248,"column":4},"end":{"line":252,"column":5}},{"start":{},"end":{}}],"line":248},"39":{"loc":{"start":{"line":280,"column":2},"end":{"line":288,"column":3}},"type":"if","locations":[{"start":{"line":280,"column":2},"end":{"line":288,"column":3}},{"start":{},"end":{}}],"line":280},"40":{"loc":{"start":{"line":283,"column":6},"end":{"line":286,"column":49}},"type":"binary-expr","locations":[{"start":{"line":283,"column":6},"end":{"line":283,"column":40}},{"start":{"line":284,"column":6},"end":{"line":284,"column":42}},{"start":{"line":285,"column":6},"end":{"line":285,"column":45}},{"start":{"line":286,"column":6},"end":{"line":286,"column":49}}],"line":283},"41":{"loc":{"start":{"line":294,"column":15},"end":{"line":294,"column":63}},"type":"binary-expr","locations":[{"start":{"line":294,"column":15},"end":{"line":294,"column":58}},{"start":{"line":294,"column":62},"end":{"line":294,"column":63}}],"line":294},"42":{"loc":{"start":{"line":295,"column":16},"end":{"line":295,"column":65}},"type":"binary-expr","locations":[{"start":{"line":295,"column":16},"end":{"line":295,"column":60}},{"start":{"line":295,"column":64},"end":{"line":295,"column":65}}],"line":295},"43":{"loc":{"start":{"line":296,"column":16},"end":{"line":296,"column":65}},"type":"binary-expr","locations":[{"start":{"line":296,"column":16},"end":{"line":296,"column":60}},{"start":{"line":296,"column":64},"end":{"line":296,"column":65}}],"line":296},"44":{"loc":{"start":{"line":297,"column":17},"end":{"line":297,"column":53}},"type":"binary-expr","locations":[{"start":{"line":297,"column":17},"end":{"line":297,"column":48}},{"start":{"line":297,"column":52},"end":{"line":297,"column":53}}],"line":297},"45":{"loc":{"start":{"line":315,"column":2},"end":{"line":318,"column":3}},"type":"if","locations":[{"start":{"line":315,"column":2},"end":{"line":318,"column":3}},{"start":{},"end":{}}],"line":315},"46":{"loc":{"start":{"line":338,"column":2},"end":{"line":341,"column":3}},"type":"if","locations":[{"start":{"line":338,"column":2},"end":{"line":341,"column":3}},{"start":{},"end":{}}],"line":338},"47":{"loc":{"start":{"line":346,"column":20},"end":{"line":346,"column":57}},"type":"binary-expr","locations":[{"start":{"line":346,"column":20},"end":{"line":346,"column":39}},{"start":{"line":346,"column":43},"end":{"line":346,"column":57}}],"line":346},"48":{"loc":{"start":{"line":347,"column":2},"end":{"line":363,"column":3}},"type":"if","locations":[{"start":{"line":347,"column":2},"end":{"line":363,"column":3}},{"start":{},"end":{}}],"line":347},"49":{"loc":{"start":{"line":360,"column":37},"end":{"line":360,"column":61}},"type":"binary-expr","locations":[{"start":{"line":360,"column":37},"end":{"line":360,"column":56}},{"start":{"line":360,"column":60},"end":{"line":360,"column":61}}],"line":360},"50":{"loc":{"start":{"line":361,"column":23},"end":{"line":361,"column":43}},"type":"binary-expr","locations":[{"start":{"line":361,"column":23},"end":{"line":361,"column":38}},{"start":{"line":361,"column":42},"end":{"line":361,"column":43}}],"line":361},"51":{"loc":{"start":{"line":387,"column":18},"end":{"line":387,"column":30}},"type":"binary-expr","locations":[{"start":{"line":387,"column":18},"end":{"line":387,"column":24}},{"start":{"line":387,"column":28},"end":{"line":387,"column":30}}],"line":387},"52":{"loc":{"start":{"line":392,"column":2},"end":{"line":395,"column":3}},"type":"if","locations":[{"start":{"line":392,"column":2},"end":{"line":395,"column":3}},{"start":{},"end":{}}],"line":392},"53":{"loc":{"start":{"line":399,"column":33},"end":{"line":399,"column":70}},"type":"binary-expr","locations":[{"start":{"line":399,"column":33},"end":{"line":399,"column":52}},{"start":{"line":399,"column":56},"end":{"line":399,"column":70}}],"line":399},"54":{"loc":{"start":{"line":412,"column":2},"end":{"line":415,"column":3}},"type":"if","locations":[{"start":{"line":412,"column":2},"end":{"line":415,"column":3}},{"start":{},"end":{}}],"line":412},"55":{"loc":{"start":{"line":434,"column":2},"end":{"line":437,"column":3}},"type":"if","locations":[{"start":{"line":434,"column":2},"end":{"line":437,"column":3}},{"start":{},"end":{}}],"line":434},"56":{"loc":{"start":{"line":434,"column":6},"end":{"line":434,"column":33}},"type":"binary-expr","locations":[{"start":{"line":434,"column":6},"end":{"line":434,"column":10}},{"start":{"line":434,"column":14},"end":{"line":434,"column":33}}],"line":434},"57":{"loc":{"start":{"line":463,"column":10},"end":{"line":463,"column":18}},"type":"default-arg","locations":[{"start":{"line":463,"column":17},"end":{"line":463,"column":18}}],"line":463},"58":{"loc":{"start":{"line":463,"column":20},"end":{"line":463,"column":30}},"type":"default-arg","locations":[{"start":{"line":463,"column":28},"end":{"line":463,"column":30}}],"line":463},"59":{"loc":{"start":{"line":465,"column":2},"end":{"line":468,"column":3}},"type":"if","locations":[{"start":{"line":465,"column":2},"end":{"line":468,"column":3}},{"start":{},"end":{}}],"line":465},"60":{"loc":{"start":{"line":496,"column":15},"end":{"line":496,"column":57}},"type":"binary-expr","locations":[{"start":{"line":496,"column":15},"end":{"line":496,"column":52}},{"start":{"line":496,"column":56},"end":{"line":496,"column":57}}],"line":496},"61":{"loc":{"start":{"line":497,"column":11},"end":{"line":497,"column":37}},"type":"binary-expr","locations":[{"start":{"line":497,"column":11},"end":{"line":497,"column":32}},{"start":{"line":497,"column":36},"end":{"line":497,"column":37}}],"line":497},"62":{"loc":{"start":{"line":517,"column":2},"end":{"line":520,"column":3}},"type":"if","locations":[{"start":{"line":517,"column":2},"end":{"line":520,"column":3}},{"start":{},"end":{}}],"line":517},"63":{"loc":{"start":{"line":555,"column":4},"end":{"line":557,"column":5}},"type":"if","locations":[{"start":{"line":555,"column":4},"end":{"line":557,"column":5}},{"start":{},"end":{}}],"line":555},"64":{"loc":{"start":{"line":555,"column":8},"end":{"line":555,"column":38}},"type":"binary-expr","locations":[{"start":{"line":555,"column":8},"end":{"line":555,"column":21}},{"start":{"line":555,"column":25},"end":{"line":555,"column":38}}],"line":555},"65":{"loc":{"start":{"line":560,"column":20},"end":{"line":560,"column":91}},"type":"cond-expr","locations":[{"start":{"line":560,"column":46},"end":{"line":560,"column":87}},{"start":{"line":560,"column":90},"end":{"line":560,"column":91}}],"line":560},"66":{"loc":{"start":{"line":561,"column":16},"end":{"line":561,"column":40}},"type":"binary-expr","locations":[{"start":{"line":561,"column":16},"end":{"line":561,"column":35}},{"start":{"line":561,"column":39},"end":{"line":561,"column":40}}],"line":561},"67":{"loc":{"start":{"line":618,"column":15},"end":{"line":618,"column":63}},"type":"binary-expr","locations":[{"start":{"line":618,"column":15},"end":{"line":618,"column":58}},{"start":{"line":618,"column":62},"end":{"line":618,"column":63}}],"line":618},"68":{"loc":{"start":{"line":619,"column":16},"end":{"line":619,"column":65}},"type":"binary-expr","locations":[{"start":{"line":619,"column":16},"end":{"line":619,"column":60}},{"start":{"line":619,"column":64},"end":{"line":619,"column":65}}],"line":619},"69":{"loc":{"start":{"line":620,"column":16},"end":{"line":620,"column":65}},"type":"binary-expr","locations":[{"start":{"line":620,"column":16},"end":{"line":620,"column":60}},{"start":{"line":620,"column":64},"end":{"line":620,"column":65}}],"line":620},"70":{"loc":{"start":{"line":621,"column":18},"end":{"line":621,"column":71}},"type":"binary-expr","locations":[{"start":{"line":621,"column":18},"end":{"line":621,"column":66}},{"start":{"line":621,"column":70},"end":{"line":621,"column":71}}],"line":621}},"s":{"0":1,"1":1,"2":1,"3":1,"4":1,"5":1,"6":1,"7":1,"8":1,"9":2,"10":3,"11":2,"12":0,"13":2,"14":3,"15":2,"16":3,"17":0,"18":1,"19":2,"20":0,"21":2,"22":2,"23":0,"24":0,"25":0,"26":0,"27":0,"28":1,"29":3,"30":3,"31":3,"32":4,"33":4,"34":3,"35":0,"36":0,"37":1,"38":3,"39":3,"40":3,"41":0,"42":0,"43":3,"44":0,"45":0,"46":1,"47":3,"48":3,"49":3,"50":3,"51":0,"52":0,"53":3,"54":0,"55":0,"56":3,"57":3,"58":3,"59":0,"60":0,"61":3,"62":3,"63":0,"64":0,"65":3,"66":0,"67":0,"68":3,"69":3,"70":0,"71":0,"72":3,"73":3,"74":3,"75":3,"76":3,"77":3,"78":3,"79":3,"80":1,"81":1,"82":1,"83":2,"84":2,"85":2,"86":2,"87":2,"88":2,"89":0,"90":2,"91":1,"92":0,"93":0,"94":0,"95":0,"96":0,"97":0,"98":0,"99":0,"100":0,"101":0,"102":0,"103":0,"104":0,"105":0,"106":0,"107":0,"108":0,"109":0,"110":0,"111":0,"112":0,"113":0,"114":0,"115":0,"116":0,"117":0,"118":0,"119":0,"120":0,"121":0,"122":0,"123":0,"124":0,"125":0,"126":1,"127":0,"128":0,"129":0,"130":0,"131":0,"132":1,"133":0,"134":0,"135":0,"136":0,"137":0,"138":0,"139":0,"140":0,"141":0,"142":0,"143":0,"144":0,"145":1,"146":0,"147":0,"148":0,"149":0,"150":0,"151":0,"152":0,"153":0,"154":1,"155":1,"156":1,"157":0,"158":0,"159":1,"160":1,"161":1,"162":1,"163":1,"164":1,"165":0,"166":0,"167":0,"168":0,"169":0,"170":0,"171":0,"172":0,"173":0,"174":0,"175":1,"176":0,"177":0,"178":0,"179":0,"180":0,"181":0,"182":0,"183":0,"184":0,"185":0,"186":0,"187":0,"188":1,"189":0,"190":0,"191":0,"192":0,"193":0,"194":0,"195":0,"196":0,"197":0,"198":0,"199":0,"200":0,"201":0,"202":1,"203":0,"204":0,"205":0,"206":0,"207":0,"208":0,"209":0},"f":{"0":2,"1":3,"2":3,"3":3,"4":2,"5":0,"6":0,"7":0,"8":3,"9":3,"10":3,"11":0,"12":0,"13":0,"14":0,"15":0,"16":0,"17":0,"18":0,"19":0,"20":0,"21":1,"22":0,"23":0,"24":0,"25":0,"26":0,"27":0,"28":0,"29":0,"30":0,"31":0},"b":{"0":[2,0],"1":[0,2],"2":[0,3],"3":[0,0],"4":[2,1],"5":[2,0],"6":[0,0],"7":[0,0],"8":[0],"9":[0],"10":[0,3],"11":[3,3,3],"12":[0,3],"13":[0,3],"14":[3,0],"15":[0,3],"16":[0,3],"17":[0,3],"18":[3,1],"19":[2,1],"20":[1,1],"21":[2,1],"22":[1,1],"23":[3,0],"24":[3,0,0],"25":[2,0],"26":[2,0],"27":[0],"28":[0],"29":[0,0],"30":[0,0],"31":[0,0],"32":[0,0],"33":[0,0],"34":[0,0],"35":[0,0],"36":[0,0],"37":[0,0],"38":[0,0],"39":[0,0],"40":[0,0,0,0],"41":[0,0],"42":[0,0],"43":[0,0],"44":[0,0],"45":[0,0],"46":[0,0],"47":[0,0],"48":[0,0],"49":[0,0],"50":[0,0],"51":[0,0],"52":[0,0],"53":[0,0],"54":[0,1],"55":[0,0],"56":[0,0],"57":[0],"58":[0],"59":[0,0],"60":[0,0],"61":[0,0],"62":[0,0],"63":[0,0],"64":[0,0],"65":[0,0],"66":[0,0],"67":[0,0],"68":[0,0],"69":[0,0],"70":[0,0]},"_coverageSchema":"1a1c01bbd47fc00a2c39e90264f33305004495a9","hash":"188750f0ab3e4aefb4503c37a50b0321d711c022"}
,"/home/jarvis/Documents/IT/Nayamo/backend/controllers/settingsController.js": {"path":"/home/jarvis/Documents/IT/Nayamo/backend/controllers/settingsController.js","statementMap":{"0":{"start":{"line":1,"column":17},"end":{"line":1,"column":46}},"1":{"start":{"line":2,"column":21},"end":{"line":2,"column":53}},"2":{"start":{"line":6,"column":0},"end":{"line":15,"column":3}},"3":{"start":{"line":7,"column":19},"end":{"line":7,"column":48}},"4":{"start":{"line":9,"column":2},"end":{"line":14,"column":5}}},"fnMap":{"0":{"name":"(anonymous_0)","decl":{"start":{"line":6,"column":41},"end":{"line":6,"column":42}},"loc":{"start":{"line":6,"column":62},"end":{"line":15,"column":1}},"line":6}},"branchMap":{},"s":{"0":1,"1":1,"2":1,"3":2,"4":2},"f":{"0":2},"b":{},"_coverageSchema":"1a1c01bbd47fc00a2c39e90264f33305004495a9","hash":"9f0e389c15b76a10d319814f988631b623aed36e"}
,"/home/jarvis/Documents/IT/Nayamo/backend/controllers/shippingController.js": {"path":"/home/jarvis/Documents/IT/Nayamo/backend/controllers/shippingController.js","statementMap":{"0":{"start":{"line":1,"column":17},"end":{"line":1,"column":36}},"1":{"start":{"line":2,"column":14},"end":{"line":2,"column":40}},"2":{"start":{"line":5,"column":2},"end":{"line":5,"column":41}},"3":{"start":{"line":8,"column":2},"end":{"line":8,"column":34}},"4":{"start":{"line":13,"column":0},"end":{"line":50,"column":3}},"5":{"start":{"line":14,"column":16},"end":{"line":14,"column":76}},"6":{"start":{"line":16,"column":2},"end":{"line":19,"column":3}},"7":{"start":{"line":17,"column":4},"end":{"line":17,"column":20}},"8":{"start":{"line":18,"column":4},"end":{"line":18,"column":39}},"9":{"start":{"line":22,"column":2},"end":{"line":28,"column":3}},"10":{"start":{"line":23,"column":4},"end":{"line":27,"column":7}},"11":{"start":{"line":30,"column":19},"end":{"line":30,"column":63}},"12":{"start":{"line":32,"column":2},"end":{"line":38,"column":4}},"13":{"start":{"line":41,"column":2},"end":{"line":41,"column":29}},"14":{"start":{"line":43,"column":2},"end":{"line":43,"column":21}},"15":{"start":{"line":45,"column":2},"end":{"line":49,"column":5}},"16":{"start":{"line":52,"column":0},"end":{"line":144,"column":3}},"17":{"start":{"line":53,"column":22},"end":{"line":53,"column":80}},"18":{"start":{"line":54,"column":25},"end":{"line":54,"column":62}},"19":{"start":{"line":56,"column":19},"end":{"line":56,"column":21}},"20":{"start":{"line":57,"column":25},"end":{"line":57,"column":27}},"21":{"start":{"line":59,"column":2},"end":{"line":70,"column":5}},"22":{"start":{"line":60,"column":4},"end":{"line":67,"column":5}},"23":{"start":{"line":61,"column":6},"end":{"line":65,"column":9}},"24":{"start":{"line":66,"column":6},"end":{"line":66,"column":13}},"25":{"start":{"line":69,"column":4},"end":{"line":69,"column":27}},"26":{"start":{"line":72,"column":17},"end":{"line":72,"column":86}},"27":{"start":{"line":73,"column":19},"end":{"line":73,"column":77}},"28":{"start":{"line":73,"column":49},"end":{"line":73,"column":75}},"29":{"start":{"line":75,"column":18},"end":{"line":75,"column":37}},"30":{"start":{"line":76,"column":18},"end":{"line":81,"column":3}},"31":{"start":{"line":83,"column":2},"end":{"line":134,"column":3}},"32":{"start":{"line":84,"column":18},"end":{"line":84,"column":39}},"33":{"start":{"line":86,"column":4},"end":{"line":94,"column":5}},"34":{"start":{"line":87,"column":6},"end":{"line":87,"column":27}},"35":{"start":{"line":88,"column":6},"end":{"line":92,"column":9}},"36":{"start":{"line":93,"column":6},"end":{"line":93,"column":15}},"37":{"start":{"line":96,"column":4},"end":{"line":104,"column":5}},"38":{"start":{"line":97,"column":6},"end":{"line":97,"column":27}},"39":{"start":{"line":98,"column":6},"end":{"line":102,"column":9}},"40":{"start":{"line":103,"column":6},"end":{"line":103,"column":15}},"41":{"start":{"line":106,"column":4},"end":{"line":133,"column":5}},"42":{"start":{"line":107,"column":23},"end":{"line":107,"column":67}},"43":{"start":{"line":109,"column":6},"end":{"line":115,"column":8}},"44":{"start":{"line":117,"column":6},"end":{"line":117,"column":33}},"45":{"start":{"line":118,"column":6},"end":{"line":118,"column":25}},"46":{"start":{"line":120,"column":6},"end":{"line":120,"column":27}},"47":{"start":{"line":121,"column":6},"end":{"line":125,"column":9}},"48":{"start":{"line":127,"column":6},"end":{"line":127,"column":26}},"49":{"start":{"line":128,"column":6},"end":{"line":132,"column":9}},"50":{"start":{"line":136,"column":2},"end":{"line":143,"column":5}},"51":{"start":{"line":149,"column":0},"end":{"line":186,"column":3}},"52":{"start":{"line":150,"column":16},"end":{"line":150,"column":76}},"53":{"start":{"line":152,"column":2},"end":{"line":155,"column":3}},"54":{"start":{"line":153,"column":4},"end":{"line":153,"column":20}},"55":{"start":{"line":154,"column":4},"end":{"line":154,"column":39}},"56":{"start":{"line":157,"column":2},"end":{"line":160,"column":3}},"57":{"start":{"line":158,"column":4},"end":{"line":158,"column":20}},"58":{"start":{"line":159,"column":4},"end":{"line":159,"column":73}},"59":{"start":{"line":162,"column":2},"end":{"line":168,"column":3}},"60":{"start":{"line":163,"column":4},"end":{"line":167,"column":7}},"61":{"start":{"line":170,"column":2},"end":{"line":173,"column":3}},"62":{"start":{"line":171,"column":4},"end":{"line":171,"column":20}},"63":{"start":{"line":172,"column":4},"end":{"line":172,"column":90}},"64":{"start":{"line":175,"column":2},"end":{"line":175,"column":41}},"65":{"start":{"line":176,"column":2},"end":{"line":176,"column":36}},"66":{"start":{"line":177,"column":2},"end":{"line":177,"column":37}},"67":{"start":{"line":179,"column":2},"end":{"line":179,"column":21}},"68":{"start":{"line":181,"column":2},"end":{"line":185,"column":5}},"69":{"start":{"line":191,"column":0},"end":{"line":217,"column":3}},"70":{"start":{"line":192,"column":16},"end":{"line":192,"column":76}},"71":{"start":{"line":194,"column":2},"end":{"line":197,"column":3}},"72":{"start":{"line":195,"column":4},"end":{"line":195,"column":20}},"73":{"start":{"line":196,"column":4},"end":{"line":196,"column":39}},"74":{"start":{"line":199,"column":2},"end":{"line":202,"column":3}},"75":{"start":{"line":200,"column":4},"end":{"line":200,"column":20}},"76":{"start":{"line":201,"column":4},"end":{"line":201,"column":77}},"77":{"start":{"line":204,"column":2},"end":{"line":207,"column":3}},"78":{"start":{"line":205,"column":4},"end":{"line":205,"column":20}},"79":{"start":{"line":206,"column":4},"end":{"line":206,"column":59}},"80":{"start":{"line":209,"column":2},"end":{"line":216,"column":5}},"81":{"start":{"line":222,"column":0},"end":{"line":260,"column":3}},"82":{"start":{"line":223,"column":16},"end":{"line":223,"column":76}},"83":{"start":{"line":225,"column":2},"end":{"line":228,"column":3}},"84":{"start":{"line":226,"column":4},"end":{"line":226,"column":20}},"85":{"start":{"line":227,"column":4},"end":{"line":227,"column":39}},"86":{"start":{"line":230,"column":2},"end":{"line":233,"column":3}},"87":{"start":{"line":231,"column":4},"end":{"line":231,"column":20}},"88":{"start":{"line":232,"column":4},"end":{"line":232,"column":92}},"89":{"start":{"line":235,"column":2},"end":{"line":241,"column":3}},"90":{"start":{"line":236,"column":4},"end":{"line":240,"column":7}},"91":{"start":{"line":243,"column":19},"end":{"line":243,"column":63}},"92":{"start":{"line":245,"column":2},"end":{"line":251,"column":4}},"93":{"start":{"line":253,"column":2},"end":{"line":253,"column":21}},"94":{"start":{"line":255,"column":2},"end":{"line":259,"column":5}},"95":{"start":{"line":265,"column":0},"end":{"line":301,"column":3}},"96":{"start":{"line":266,"column":16},"end":{"line":266,"column":76}},"97":{"start":{"line":268,"column":2},"end":{"line":271,"column":3}},"98":{"start":{"line":269,"column":4},"end":{"line":269,"column":20}},"99":{"start":{"line":270,"column":4},"end":{"line":270,"column":39}},"100":{"start":{"line":273,"column":2},"end":{"line":276,"column":3}},"101":{"start":{"line":274,"column":4},"end":{"line":274,"column":20}},"102":{"start":{"line":275,"column":4},"end":{"line":275,"column":80}},"103":{"start":{"line":278,"column":2},"end":{"line":284,"column":3}},"104":{"start":{"line":279,"column":4},"end":{"line":283,"column":7}},"105":{"start":{"line":286,"column":2},"end":{"line":289,"column":3}},"106":{"start":{"line":287,"column":4},"end":{"line":287,"column":20}},"107":{"start":{"line":288,"column":4},"end":{"line":288,"column":85}},"108":{"start":{"line":291,"column":2},"end":{"line":291,"column":46}},"109":{"start":{"line":292,"column":2},"end":{"line":292,"column":37}},"110":{"start":{"line":294,"column":2},"end":{"line":294,"column":21}},"111":{"start":{"line":296,"column":2},"end":{"line":300,"column":5}},"112":{"start":{"line":306,"column":0},"end":{"line":332,"column":3}},"113":{"start":{"line":307,"column":16},"end":{"line":307,"column":76}},"114":{"start":{"line":309,"column":2},"end":{"line":312,"column":3}},"115":{"start":{"line":310,"column":4},"end":{"line":310,"column":20}},"116":{"start":{"line":311,"column":4},"end":{"line":311,"column":39}},"117":{"start":{"line":314,"column":2},"end":{"line":317,"column":3}},"118":{"start":{"line":315,"column":4},"end":{"line":315,"column":20}},"119":{"start":{"line":316,"column":4},"end":{"line":316,"column":84}},"120":{"start":{"line":319,"column":2},"end":{"line":322,"column":3}},"121":{"start":{"line":320,"column":4},"end":{"line":320,"column":20}},"122":{"start":{"line":321,"column":4},"end":{"line":321,"column":66}},"123":{"start":{"line":324,"column":2},"end":{"line":331,"column":5}},"124":{"start":{"line":337,"column":0},"end":{"line":368,"column":4}},"125":{"start":{"line":341,"column":8},"end":{"line":343,"column":9}},"126":{"start":{"line":345,"column":6},"end":{"line":355,"column":7}},"127":{"start":{"line":350,"column":8},"end":{"line":350,"column":24}},"128":{"start":{"line":352,"column":8},"end":{"line":354,"column":10}},"129":{"start":{"line":358,"column":8},"end":{"line":361,"column":9}},"130":{"start":{"line":363,"column":6},"end":{"line":366,"column":9}}},"fnMap":{"0":{"name":"(anonymous_0)","decl":{"start":{"line":13,"column":38},"end":{"line":13,"column":39}},"loc":{"start":{"line":13,"column":58},"end":{"line":50,"column":1}},"line":13},"1":{"name":"(anonymous_1)","decl":{"start":{"line":52,"column":42},"end":{"line":52,"column":43}},"loc":{"start":{"line":52,"column":62},"end":{"line":144,"column":1}},"line":52},"2":{"name":"(anonymous_2)","decl":{"start":{"line":59,"column":25},"end":{"line":59,"column":26}},"loc":{"start":{"line":59,"column":38},"end":{"line":70,"column":3}},"line":59},"3":{"name":"(anonymous_3)","decl":{"start":{"line":73,"column":38},"end":{"line":73,"column":39}},"loc":{"start":{"line":73,"column":49},"end":{"line":73,"column":75}},"line":73},"4":{"name":"(anonymous_4)","decl":{"start":{"line":149,"column":37},"end":{"line":149,"column":38}},"loc":{"start":{"line":149,"column":57},"end":{"line":186,"column":1}},"line":149},"5":{"name":"(anonymous_5)","decl":{"start":{"line":191,"column":40},"end":{"line":191,"column":41}},"loc":{"start":{"line":191,"column":60},"end":{"line":217,"column":1}},"line":191},"6":{"name":"(anonymous_6)","decl":{"start":{"line":222,"column":44},"end":{"line":222,"column":45}},"loc":{"start":{"line":222,"column":64},"end":{"line":260,"column":1}},"line":222},"7":{"name":"(anonymous_7)","decl":{"start":{"line":265,"column":43},"end":{"line":265,"column":44}},"loc":{"start":{"line":265,"column":63},"end":{"line":301,"column":1}},"line":265},"8":{"name":"(anonymous_8)","decl":{"start":{"line":306,"column":38},"end":{"line":306,"column":39}},"loc":{"start":{"line":306,"column":58},"end":{"line":332,"column":1}},"line":306},"9":{"name":"(anonymous_9)","decl":{"start":{"line":339,"column":4},"end":{"line":339,"column":5}},"loc":{"start":{"line":339,"column":24},"end":{"line":367,"column":5}},"line":339}},"branchMap":{"0":{"loc":{"start":{"line":16,"column":2},"end":{"line":19,"column":3}},"type":"if","locations":[{"start":{"line":16,"column":2},"end":{"line":19,"column":3}},{"start":{},"end":{}}],"line":16},"1":{"loc":{"start":{"line":22,"column":2},"end":{"line":28,"column":3}},"type":"if","locations":[{"start":{"line":22,"column":2},"end":{"line":28,"column":3}},{"start":{},"end":{}}],"line":22},"2":{"loc":{"start":{"line":35,"column":14},"end":{"line":35,"column":44}},"type":"binary-expr","locations":[{"start":{"line":35,"column":14},"end":{"line":35,"column":31}},{"start":{"line":35,"column":35},"end":{"line":35,"column":44}}],"line":35},"3":{"loc":{"start":{"line":53,"column":22},"end":{"line":53,"column":80}},"type":"cond-expr","locations":[{"start":{"line":53,"column":58},"end":{"line":53,"column":75}},{"start":{"line":53,"column":78},"end":{"line":53,"column":80}}],"line":53},"4":{"loc":{"start":{"line":60,"column":4},"end":{"line":67,"column":5}},"type":"if","locations":[{"start":{"line":60,"column":4},"end":{"line":67,"column":5}},{"start":{},"end":{}}],"line":60},"5":{"loc":{"start":{"line":86,"column":4},"end":{"line":94,"column":5}},"type":"if","locations":[{"start":{"line":86,"column":4},"end":{"line":94,"column":5}},{"start":{},"end":{}}],"line":86},"6":{"loc":{"start":{"line":96,"column":4},"end":{"line":104,"column":5}},"type":"if","locations":[{"start":{"line":96,"column":4},"end":{"line":104,"column":5}},{"start":{},"end":{}}],"line":96},"7":{"loc":{"start":{"line":112,"column":18},"end":{"line":112,"column":48}},"type":"binary-expr","locations":[{"start":{"line":112,"column":18},"end":{"line":112,"column":35}},{"start":{"line":112,"column":39},"end":{"line":112,"column":48}}],"line":112},"8":{"loc":{"start":{"line":131,"column":17},"end":{"line":131,"column":60}},"type":"binary-expr","locations":[{"start":{"line":131,"column":17},"end":{"line":131,"column":30}},{"start":{"line":131,"column":34},"end":{"line":131,"column":60}}],"line":131},"9":{"loc":{"start":{"line":152,"column":2},"end":{"line":155,"column":3}},"type":"if","locations":[{"start":{"line":152,"column":2},"end":{"line":155,"column":3}},{"start":{},"end":{}}],"line":152},"10":{"loc":{"start":{"line":157,"column":2},"end":{"line":160,"column":3}},"type":"if","locations":[{"start":{"line":157,"column":2},"end":{"line":160,"column":3}},{"start":{},"end":{}}],"line":157},"11":{"loc":{"start":{"line":162,"column":2},"end":{"line":168,"column":3}},"type":"if","locations":[{"start":{"line":162,"column":2},"end":{"line":168,"column":3}},{"start":{},"end":{}}],"line":162},"12":{"loc":{"start":{"line":170,"column":2},"end":{"line":173,"column":3}},"type":"if","locations":[{"start":{"line":170,"column":2},"end":{"line":173,"column":3}},{"start":{},"end":{}}],"line":170},"13":{"loc":{"start":{"line":194,"column":2},"end":{"line":197,"column":3}},"type":"if","locations":[{"start":{"line":194,"column":2},"end":{"line":197,"column":3}},{"start":{},"end":{}}],"line":194},"14":{"loc":{"start":{"line":199,"column":2},"end":{"line":202,"column":3}},"type":"if","locations":[{"start":{"line":199,"column":2},"end":{"line":202,"column":3}},{"start":{},"end":{}}],"line":199},"15":{"loc":{"start":{"line":204,"column":2},"end":{"line":207,"column":3}},"type":"if","locations":[{"start":{"line":204,"column":2},"end":{"line":207,"column":3}},{"start":{},"end":{}}],"line":204},"16":{"loc":{"start":{"line":225,"column":2},"end":{"line":228,"column":3}},"type":"if","locations":[{"start":{"line":225,"column":2},"end":{"line":228,"column":3}},{"start":{},"end":{}}],"line":225},"17":{"loc":{"start":{"line":230,"column":2},"end":{"line":233,"column":3}},"type":"if","locations":[{"start":{"line":230,"column":2},"end":{"line":233,"column":3}},{"start":{},"end":{}}],"line":230},"18":{"loc":{"start":{"line":235,"column":2},"end":{"line":241,"column":3}},"type":"if","locations":[{"start":{"line":235,"column":2},"end":{"line":241,"column":3}},{"start":{},"end":{}}],"line":235},"19":{"loc":{"start":{"line":248,"column":14},"end":{"line":248,"column":44}},"type":"binary-expr","locations":[{"start":{"line":248,"column":14},"end":{"line":248,"column":31}},{"start":{"line":248,"column":35},"end":{"line":248,"column":44}}],"line":248},"20":{"loc":{"start":{"line":268,"column":2},"end":{"line":271,"column":3}},"type":"if","locations":[{"start":{"line":268,"column":2},"end":{"line":271,"column":3}},{"start":{},"end":{}}],"line":268},"21":{"loc":{"start":{"line":273,"column":2},"end":{"line":276,"column":3}},"type":"if","locations":[{"start":{"line":273,"column":2},"end":{"line":276,"column":3}},{"start":{},"end":{}}],"line":273},"22":{"loc":{"start":{"line":278,"column":2},"end":{"line":284,"column":3}},"type":"if","locations":[{"start":{"line":278,"column":2},"end":{"line":284,"column":3}},{"start":{},"end":{}}],"line":278},"23":{"loc":{"start":{"line":286,"column":2},"end":{"line":289,"column":3}},"type":"if","locations":[{"start":{"line":286,"column":2},"end":{"line":289,"column":3}},{"start":{},"end":{}}],"line":286},"24":{"loc":{"start":{"line":309,"column":2},"end":{"line":312,"column":3}},"type":"if","locations":[{"start":{"line":309,"column":2},"end":{"line":312,"column":3}},{"start":{},"end":{}}],"line":309},"25":{"loc":{"start":{"line":314,"column":2},"end":{"line":317,"column":3}},"type":"if","locations":[{"start":{"line":314,"column":2},"end":{"line":317,"column":3}},{"start":{},"end":{}}],"line":314},"26":{"loc":{"start":{"line":319,"column":2},"end":{"line":322,"column":3}},"type":"if","locations":[{"start":{"line":319,"column":2},"end":{"line":322,"column":3}},{"start":{},"end":{}}],"line":319},"27":{"loc":{"start":{"line":345,"column":6},"end":{"line":355,"column":7}},"type":"if","locations":[{"start":{"line":345,"column":6},"end":{"line":355,"column":7}},{"start":{},"end":{}}],"line":345},"28":{"loc":{"start":{"line":346,"column":8},"end":{"line":348,"column":19}},"type":"binary-expr","locations":[{"start":{"line":346,"column":8},"end":{"line":346,"column":14}},{"start":{"line":347,"column":8},"end":{"line":348,"column":19}}],"line":346}},"s":{"0":1,"1":1,"2":1,"3":1,"4":1,"5":0,"6":0,"7":0,"8":0,"9":0,"10":0,"11":0,"12":0,"13":0,"14":0,"15":0,"16":1,"17":0,"18":0,"19":0,"20":0,"21":0,"22":0,"23":0,"24":0,"25":0,"26":0,"27":0,"28":0,"29":0,"30":0,"31":0,"32":0,"33":0,"34":0,"35":0,"36":0,"37":0,"38":0,"39":0,"40":0,"41":0,"42":0,"43":0,"44":0,"45":0,"46":0,"47":0,"48":0,"49":0,"50":0,"51":1,"52":0,"53":0,"54":0,"55":0,"56":0,"57":0,"58":0,"59":0,"60":0,"61":0,"62":0,"63":0,"64":0,"65":0,"66":0,"67":0,"68":0,"69":1,"70":0,"71":0,"72":0,"73":0,"74":0,"75":0,"76":0,"77":0,"78":0,"79":0,"80":0,"81":1,"82":0,"83":0,"84":0,"85":0,"86":0,"87":0,"88":0,"89":0,"90":0,"91":0,"92":0,"93":0,"94":0,"95":1,"96":0,"97":0,"98":0,"99":0,"100":0,"101":0,"102":0,"103":0,"104":0,"105":0,"106":0,"107":0,"108":0,"109":0,"110":0,"111":0,"112":1,"113":0,"114":0,"115":0,"116":0,"117":0,"118":0,"119":0,"120":0,"121":0,"122":0,"123":0,"124":1,"125":0,"126":0,"127":0,"128":0,"129":0,"130":0},"f":{"0":0,"1":0,"2":0,"3":0,"4":0,"5":0,"6":0,"7":0,"8":0,"9":0},"b":{"0":[0,0],"1":[0,0],"2":[0,0],"3":[0,0],"4":[0,0],"5":[0,0],"6":[0,0],"7":[0,0],"8":[0,0],"9":[0,0],"10":[0,0],"11":[0,0],"12":[0,0],"13":[0,0],"14":[0,0],"15":[0,0],"16":[0,0],"17":[0,0],"18":[0,0],"19":[0,0],"20":[0,0],"21":[0,0],"22":[0,0],"23":[0,0],"24":[0,0],"25":[0,0],"26":[0,0],"27":[0,0],"28":[0,0]},"_coverageSchema":"1a1c01bbd47fc00a2c39e90264f33305004495a9","hash":"3c320b409e8d0380dce2c85938ed646a2b7e9840"}
,"/home/jarvis/Documents/IT/Nayamo/backend/models/Order.js": {"path":"/home/jarvis/Documents/IT/Nayamo/backend/models/Order.js","statementMap":{"0":{"start":{"line":1,"column":17},"end":{"line":1,"column":36}},"1":{"start":{"line":3,"column":20},"end":{"line":187,"column":1}},"2":{"start":{"line":190,"column":0},"end":{"line":190,"column":46}},"3":{"start":{"line":191,"column":0},"end":{"line":191,"column":33}},"4":{"start":{"line":192,"column":0},"end":{"line":192,"column":40}},"5":{"start":{"line":193,"column":0},"end":{"line":193,"column":46}},"6":{"start":{"line":194,"column":0},"end":{"line":194,"column":37}},"7":{"start":{"line":196,"column":0},"end":{"line":196,"column":68}},"8":{"start":{"line":198,"column":0},"end":{"line":198,"column":54}}},"fnMap":{},"branchMap":{},"s":{"0":1,"1":1,"2":1,"3":1,"4":1,"5":1,"6":1,"7":1,"8":1},"f":{},"b":{},"_coverageSchema":"1a1c01bbd47fc00a2c39e90264f33305004495a9","hash":"2586b931d2391bb56dfc603823985892ea7cc70e"}
,"/home/jarvis/Documents/IT/Nayamo/backend/models/Review.js": {"path":"/home/jarvis/Documents/IT/Nayamo/backend/models/Review.js","statementMap":{"0":{"start":{"line":1,"column":17},"end":{"line":1,"column":36}},"1":{"start":{"line":3,"column":26},"end":{"line":19,"column":1}},"2":{"start":{"line":21,"column":21},"end":{"line":94,"column":2}},"3":{"start":{"line":53,"column":29},"end":{"line":53,"column":58}},"4":{"start":{"line":61,"column":29},"end":{"line":61,"column":58}},"5":{"start":{"line":97,"column":0},"end":{"line":97,"column":62}},"6":{"start":{"line":98,"column":0},"end":{"line":98,"column":49}},"7":{"start":{"line":99,"column":0},"end":{"line":99,"column":38}},"8":{"start":{"line":102,"column":0},"end":{"line":129,"column":2}},"9":{"start":{"line":103,"column":16},"end":{"line":114,"column":4}},"10":{"start":{"line":116,"column":2},"end":{"line":128,"column":3}},"11":{"start":{"line":117,"column":20},"end":{"line":117,"column":40}},"12":{"start":{"line":118,"column":4},"end":{"line":121,"column":7}},"13":{"start":{"line":123,"column":20},"end":{"line":123,"column":40}},"14":{"start":{"line":124,"column":4},"end":{"line":127,"column":7}},"15":{"start":{"line":132,"column":0},"end":{"line":134,"column":3}},"16":{"start":{"line":133,"column":2},"end":{"line":133,"column":57}},"17":{"start":{"line":137,"column":0},"end":{"line":139,"column":3}},"18":{"start":{"line":138,"column":2},"end":{"line":138,"column":57}},"19":{"start":{"line":141,"column":0},"end":{"line":141,"column":56}}},"fnMap":{"0":{"name":"(anonymous_0)","decl":{"start":{"line":53,"column":17},"end":{"line":53,"column":18}},"loc":{"start":{"line":53,"column":29},"end":{"line":53,"column":58}},"line":53},"1":{"name":"(anonymous_1)","decl":{"start":{"line":61,"column":17},"end":{"line":61,"column":18}},"loc":{"start":{"line":61,"column":29},"end":{"line":61,"column":58}},"line":61},"2":{"name":"(anonymous_2)","decl":{"start":{"line":102,"column":41},"end":{"line":102,"column":42}},"loc":{"start":{"line":102,"column":68},"end":{"line":129,"column":1}},"line":102},"3":{"name":"(anonymous_3)","decl":{"start":{"line":132,"column":26},"end":{"line":132,"column":27}},"loc":{"start":{"line":132,"column":44},"end":{"line":134,"column":1}},"line":132},"4":{"name":"(anonymous_4)","decl":{"start":{"line":137,"column":28},"end":{"line":137,"column":29}},"loc":{"start":{"line":137,"column":46},"end":{"line":139,"column":1}},"line":137}},"branchMap":{"0":{"loc":{"start":{"line":53,"column":29},"end":{"line":53,"column":58}},"type":"binary-expr","locations":[{"start":{"line":53,"column":29},"end":{"line":53,"column":36}},{"start":{"line":53,"column":40},"end":{"line":53,"column":58}}],"line":53},"1":{"loc":{"start":{"line":61,"column":29},"end":{"line":61,"column":58}},"type":"binary-expr","locations":[{"start":{"line":61,"column":29},"end":{"line":61,"column":36}},{"start":{"line":61,"column":40},"end":{"line":61,"column":58}}],"line":61},"2":{"loc":{"start":{"line":116,"column":2},"end":{"line":128,"column":3}},"type":"if","locations":[{"start":{"line":116,"column":2},"end":{"line":128,"column":3}},{"start":{"line":122,"column":9},"end":{"line":128,"column":3}}],"line":116}},"s":{"0":1,"1":1,"2":1,"3":2,"4":2,"5":1,"6":1,"7":1,"8":1,"9":0,"10":0,"11":0,"12":0,"13":0,"14":0,"15":1,"16":0,"17":1,"18":0,"19":1},"f":{"0":2,"1":2,"2":0,"3":0,"4":0},"b":{"0":[2,2],"1":[2,2],"2":[0,0]},"_coverageSchema":"1a1c01bbd47fc00a2c39e90264f33305004495a9","hash":"9072580f9e7422359f8d138687fa280ddfeb7f32"}
,"/home/jarvis/Documents/IT/Nayamo/backend/models/Settings.js": {"path":"/home/jarvis/Documents/IT/Nayamo/backend/models/Settings.js","statementMap":{"0":{"start":{"line":1,"column":17},"end":{"line":1,"column":36}},"1":{"start":{"line":3,"column":23},"end":{"line":15,"column":1}},"2":{"start":{"line":18,"column":0},"end":{"line":24,"column":2}},"3":{"start":{"line":19,"column":17},"end":{"line":19,"column":44}},"4":{"start":{"line":20,"column":2},"end":{"line":22,"column":3}},"5":{"start":{"line":21,"column":4},"end":{"line":21,"column":37}},"6":{"start":{"line":23,"column":2},"end":{"line":23,"column":18}},"7":{"start":{"line":26,"column":0},"end":{"line":26,"column":60}}},"fnMap":{"0":{"name":"(anonymous_0)","decl":{"start":{"line":18,"column":38},"end":{"line":18,"column":39}},"loc":{"start":{"line":18,"column":56},"end":{"line":24,"column":1}},"line":18}},"branchMap":{"0":{"loc":{"start":{"line":20,"column":2},"end":{"line":22,"column":3}},"type":"if","locations":[{"start":{"line":20,"column":2},"end":{"line":22,"column":3}},{"start":{},"end":{}}],"line":20}},"s":{"0":1,"1":1,"2":1,"3":0,"4":0,"5":0,"6":0,"7":1},"f":{"0":0},"b":{"0":[0,0]},"_coverageSchema":"1a1c01bbd47fc00a2c39e90264f33305004495a9","hash":"b06efad22f1c25bf8fb4e2bdd0a921f4ab0e0942"}
,"/home/jarvis/Documents/IT/Nayamo/backend/models/User.js": {"path":"/home/jarvis/Documents/IT/Nayamo/backend/models/User.js","statementMap":{"0":{"start":{"line":1,"column":17},"end":{"line":1,"column":36}},"1":{"start":{"line":2,"column":15},"end":{"line":2,"column":34}},"2":{"start":{"line":4,"column":19},"end":{"line":71,"column":1}},"3":{"start":{"line":73,"column":0},"end":{"line":82,"column":3}},"4":{"start":{"line":74,"column":2},"end":{"line":74,"column":43}},"5":{"start":{"line":74,"column":36},"end":{"line":74,"column":43}},"6":{"start":{"line":76,"column":19},"end":{"line":76,"column":32}},"7":{"start":{"line":77,"column":23},"end":{"line":77,"column":90}},"8":{"start":{"line":79,"column":2},"end":{"line":79,"column":27}},"9":{"start":{"line":79,"column":20},"end":{"line":79,"column":27}},"10":{"start":{"line":81,"column":2},"end":{"line":81,"column":50}},"11":{"start":{"line":84,"column":0},"end":{"line":104,"column":2}},"12":{"start":{"line":85,"column":2},"end":{"line":85,"column":57}},"13":{"start":{"line":85,"column":44},"end":{"line":85,"column":57}},"14":{"start":{"line":87,"column":23},"end":{"line":87,"column":100}},"15":{"start":{"line":89,"column":2},"end":{"line":101,"column":3}},"16":{"start":{"line":90,"column":4},"end":{"line":99,"column":5}},"17":{"start":{"line":91,"column":29},"end":{"line":91,"column":69}},"18":{"start":{"line":92,"column":6},"end":{"line":92,"column":37}},"19":{"start":{"line":94,"column":6},"end":{"line":96,"column":7}},"20":{"start":{"line":95,"column":8},"end":{"line":95,"column":55}},"21":{"start":{"line":98,"column":6},"end":{"line":98,"column":18}},"22":{"start":{"line":100,"column":4},"end":{"line":100,"column":17}},"23":{"start":{"line":103,"column":2},"end":{"line":103,"column":58}},"24":{"start":{"line":106,"column":0},"end":{"line":106,"column":30}},"25":{"start":{"line":107,"column":0},"end":{"line":107,"column":36}},"26":{"start":{"line":108,"column":0},"end":{"line":108,"column":51}},"27":{"start":{"line":109,"column":0},"end":{"line":109,"column":44}},"28":{"start":{"line":111,"column":0},"end":{"line":111,"column":52}}},"fnMap":{"0":{"name":"(anonymous_0)","decl":{"start":{"line":73,"column":23},"end":{"line":73,"column":24}},"loc":{"start":{"line":73,"column":41},"end":{"line":82,"column":1}},"line":73},"1":{"name":"(anonymous_1)","decl":{"start":{"line":84,"column":37},"end":{"line":84,"column":38}},"loc":{"start":{"line":84,"column":72},"end":{"line":104,"column":1}},"line":84}},"branchMap":{"0":{"loc":{"start":{"line":74,"column":2},"end":{"line":74,"column":43}},"type":"if","locations":[{"start":{"line":74,"column":2},"end":{"line":74,"column":43}},{"start":{},"end":{}}],"line":74},"1":{"loc":{"start":{"line":77,"column":23},"end":{"line":77,"column":90}},"type":"binary-expr","locations":[{"start":{"line":77,"column":23},"end":{"line":77,"column":51}},{"start":{"line":77,"column":55},"end":{"line":77,"column":90}}],"line":77},"2":{"loc":{"start":{"line":79,"column":2},"end":{"line":79,"column":27}},"type":"if","locations":[{"start":{"line":79,"column":2},"end":{"line":79,"column":27}},{"start":{},"end":{}}],"line":79},"3":{"loc":{"start":{"line":85,"column":2},"end":{"line":85,"column":57}},"type":"if","locations":[{"start":{"line":85,"column":2},"end":{"line":85,"column":57}},{"start":{},"end":{}}],"line":85},"4":{"loc":{"start":{"line":85,"column":6},"end":{"line":85,"column":42}},"type":"binary-expr","locations":[{"start":{"line":85,"column":6},"end":{"line":85,"column":24}},{"start":{"line":85,"column":28},"end":{"line":85,"column":42}}],"line":85},"5":{"loc":{"start":{"line":87,"column":23},"end":{"line":87,"column":100}},"type":"binary-expr","locations":[{"start":{"line":87,"column":23},"end":{"line":87,"column":56}},{"start":{"line":87,"column":60},"end":{"line":87,"column":100}}],"line":87},"6":{"loc":{"start":{"line":89,"column":2},"end":{"line":101,"column":3}},"type":"if","locations":[{"start":{"line":89,"column":2},"end":{"line":101,"column":3}},{"start":{},"end":{}}],"line":89},"7":{"loc":{"start":{"line":90,"column":4},"end":{"line":99,"column":5}},"type":"if","locations":[{"start":{"line":90,"column":4},"end":{"line":99,"column":5}},{"start":{},"end":{}}],"line":90},"8":{"loc":{"start":{"line":94,"column":6},"end":{"line":96,"column":7}},"type":"if","locations":[{"start":{"line":94,"column":6},"end":{"line":96,"column":7}},{"start":{},"end":{}}],"line":94}},"s":{"0":1,"1":1,"2":1,"3":1,"4":0,"5":0,"6":0,"7":0,"8":0,"9":0,"10":0,"11":1,"12":1,"13":0,"14":1,"15":1,"16":1,"17":1,"18":1,"19":1,"20":0,"21":1,"22":0,"23":0,"24":1,"25":1,"26":1,"27":1,"28":1},"f":{"0":0,"1":1},"b":{"0":[0,0],"1":[0,0],"2":[0,0],"3":[0,1],"4":[1,1],"5":[1,1],"6":[1,0],"7":[1,0],"8":[0,1]},"_coverageSchema":"1a1c01bbd47fc00a2c39e90264f33305004495a9","hash":"5c678169956fde8da9902df7fce3c5fbe1300b5b"}
,"/home/jarvis/Documents/IT/Nayamo/backend/services/adminBootstrapService.js": {"path":"/home/jarvis/Documents/IT/Nayamo/backend/services/adminBootstrapService.js","statementMap":{"0":{"start":{"line":1,"column":13},"end":{"line":1,"column":38}},"1":{"start":{"line":2,"column":15},"end":{"line":2,"column":42}},"2":{"start":{"line":8,"column":32},"end":{"line":49,"column":1}},"3":{"start":{"line":9,"column":2},"end":{"line":9,"column":86}},"4":{"start":{"line":9,"column":57},"end":{"line":9,"column":86}},"5":{"start":{"line":11,"column":16},"end":{"line":11,"column":61}},"6":{"start":{"line":12,"column":19},"end":{"line":12,"column":45}},"7":{"start":{"line":14,"column":2},"end":{"line":18,"column":3}},"8":{"start":{"line":15,"column":4},"end":{"line":17,"column":6}},"9":{"start":{"line":20,"column":26},"end":{"line":20,"column":45}},"10":{"start":{"line":21,"column":14},"end":{"line":21,"column":80}},"11":{"start":{"line":23,"column":2},"end":{"line":35,"column":3}},"12":{"start":{"line":24,"column":4},"end":{"line":31,"column":7}},"13":{"start":{"line":32,"column":4},"end":{"line":32,"column":23}},"14":{"start":{"line":33,"column":4},"end":{"line":33,"column":71}},"15":{"start":{"line":34,"column":4},"end":{"line":34,"column":57}},"16":{"start":{"line":37,"column":2},"end":{"line":37,"column":23}},"17":{"start":{"line":38,"column":2},"end":{"line":38,"column":24}},"18":{"start":{"line":39,"column":2},"end":{"line":39,"column":31}},"19":{"start":{"line":42,"column":2},"end":{"line":44,"column":3}},"20":{"start":{"line":43,"column":4},"end":{"line":43,"column":30}},"21":{"start":{"line":46,"column":2},"end":{"line":46,"column":21}},"22":{"start":{"line":47,"column":2},"end":{"line":47,"column":69}},"23":{"start":{"line":48,"column":2},"end":{"line":48,"column":55}},"24":{"start":{"line":51,"column":0},"end":{"line":51,"column":45}}},"fnMap":{"0":{"name":"(anonymous_0)","decl":{"start":{"line":8,"column":32},"end":{"line":8,"column":33}},"loc":{"start":{"line":8,"column":44},"end":{"line":49,"column":1}},"line":8}},"branchMap":{"0":{"loc":{"start":{"line":9,"column":2},"end":{"line":9,"column":86}},"type":"if","locations":[{"start":{"line":9,"column":2},"end":{"line":9,"column":86}},{"start":{},"end":{}}],"line":9},"1":{"loc":{"start":{"line":14,"column":2},"end":{"line":18,"column":3}},"type":"if","locations":[{"start":{"line":14,"column":2},"end":{"line":18,"column":3}},{"start":{},"end":{}}],"line":14},"2":{"loc":{"start":{"line":14,"column":6},"end":{"line":14,"column":25}},"type":"binary-expr","locations":[{"start":{"line":14,"column":6},"end":{"line":14,"column":12}},{"start":{"line":14,"column":16},"end":{"line":14,"column":25}}],"line":14},"3":{"loc":{"start":{"line":23,"column":2},"end":{"line":35,"column":3}},"type":"if","locations":[{"start":{"line":23,"column":2},"end":{"line":35,"column":3}},{"start":{},"end":{}}],"line":23},"4":{"loc":{"start":{"line":25,"column":12},"end":{"line":25,"column":60}},"type":"binary-expr","locations":[{"start":{"line":25,"column":12},"end":{"line":25,"column":42}},{"start":{"line":25,"column":46},"end":{"line":25,"column":60}}],"line":25},"5":{"loc":{"start":{"line":42,"column":2},"end":{"line":44,"column":3}},"type":"if","locations":[{"start":{"line":42,"column":2},"end":{"line":44,"column":3}},{"start":{},"end":{}}],"line":42}},"s":{"0":1,"1":1,"2":1,"3":1,"4":0,"5":1,"6":1,"7":1,"8":0,"9":1,"10":1,"11":1,"12":1,"13":1,"14":1,"15":1,"16":0,"17":0,"18":0,"19":0,"20":0,"21":0,"22":0,"23":0,"24":1},"f":{"0":1},"b":{"0":[0,1],"1":[0,1],"2":[1,1],"3":[1,0],"4":[1,0],"5":[0,0]},"_coverageSchema":"1a1c01bbd47fc00a2c39e90264f33305004495a9","hash":"73a50e2461c6391e103419a335c6f1e232a1c338"}
,"/home/jarvis/Documents/IT/Nayamo/backend/services/delhiveryService.js": {"path":"/home/jarvis/Documents/IT/Nayamo/backend/services/delhiveryService.js","statementMap":{"0":{"start":{"line":1,"column":14},"end":{"line":1,"column":30}},"1":{"start":{"line":2,"column":65},"end":{"line":2,"column":89}},"2":{"start":{"line":4,"column":15},"end":{"line":21,"column":1}},"3":{"start":{"line":5,"column":16},"end":{"line":5,"column":35}},"4":{"start":{"line":7,"column":2},"end":{"line":11,"column":3}},"5":{"start":{"line":8,"column":18},"end":{"line":8,"column":58}},"6":{"start":{"line":9,"column":4},"end":{"line":9,"column":27}},"7":{"start":{"line":10,"column":4},"end":{"line":10,"column":16}},"8":{"start":{"line":13,"column":2},"end":{"line":20,"column":5}},"9":{"start":{"line":29,"column":2},"end":{"line":29,"column":18}},"10":{"start":{"line":33,"column":2},"end":{"line":33,"column":17}},"11":{"start":{"line":37,"column":2},"end":{"line":37,"column":17}},"12":{"start":{"line":41,"column":22},"end":{"line":41,"column":52}},"13":{"start":{"line":42,"column":24},"end":{"line":42,"column":72}},"14":{"start":{"line":43,"column":16},"end":{"line":43,"column":39}},"15":{"start":{"line":45,"column":2},"end":{"line":47,"column":3}},"16":{"start":{"line":46,"column":4},"end":{"line":46,"column":69}},"17":{"start":{"line":49,"column":18},"end":{"line":49,"column":43}},"18":{"start":{"line":51,"column":2},"end":{"line":56,"column":4}},"19":{"start":{"line":62,"column":0},"end":{"line":150,"column":2}},"20":{"start":{"line":63,"column":2},"end":{"line":65,"column":3}},"21":{"start":{"line":64,"column":4},"end":{"line":64,"column":41}},"22":{"start":{"line":67,"column":2},"end":{"line":149,"column":3}},"23":{"start":{"line":68,"column":16},"end":{"line":68,"column":24}},"24":{"start":{"line":69,"column":18},"end":{"line":69,"column":37}},"25":{"start":{"line":70,"column":27},"end":{"line":70,"column":60}},"26":{"start":{"line":71,"column":20},"end":{"line":102,"column":5}},"27":{"start":{"line":107,"column":15},"end":{"line":107,"column":37}},"28":{"start":{"line":109,"column":21},"end":{"line":121,"column":5}},"29":{"start":{"line":126,"column":24},"end":{"line":126,"column":58}},"30":{"start":{"line":128,"column":20},"end":{"line":128,"column":45}},"31":{"start":{"line":130,"column":4},"end":{"line":136,"column":5}},"32":{"start":{"line":131,"column":6},"end":{"line":135,"column":8}},"33":{"start":{"line":138,"column":4},"end":{"line":144,"column":6}},"34":{"start":{"line":146,"column":4},"end":{"line":148,"column":6}},"35":{"start":{"line":155,"column":0},"end":{"line":172,"column":2}},"36":{"start":{"line":156,"column":2},"end":{"line":158,"column":3}},"37":{"start":{"line":157,"column":4},"end":{"line":157,"column":43}},"38":{"start":{"line":160,"column":2},"end":{"line":171,"column":3}},"39":{"start":{"line":161,"column":16},"end":{"line":161,"column":24}},"40":{"start":{"line":162,"column":21},"end":{"line":164,"column":5}},"41":{"start":{"line":166,"column":4},"end":{"line":166,"column":25}},"42":{"start":{"line":168,"column":4},"end":{"line":170,"column":6}}},"fnMap":{"0":{"name":"(anonymous_0)","decl":{"start":{"line":4,"column":15},"end":{"line":4,"column":16}},"loc":{"start":{"line":4,"column":21},"end":{"line":21,"column":1}},"line":4},"1":{"name":"toPinFromAddress","decl":{"start":{"line":26,"column":9},"end":{"line":26,"column":25}},"loc":{"start":{"line":26,"column":36},"end":{"line":30,"column":1}},"line":26},"2":{"name":"toCityFromAddress","decl":{"start":{"line":32,"column":9},"end":{"line":32,"column":26}},"loc":{"start":{"line":32,"column":37},"end":{"line":34,"column":1}},"line":32},"3":{"name":"toStateFromAddress","decl":{"start":{"line":36,"column":9},"end":{"line":36,"column":27}},"loc":{"start":{"line":36,"column":38},"end":{"line":38,"column":1}},"line":36},"4":{"name":"getDelhiveryPaymentDetails","decl":{"start":{"line":40,"column":9},"end":{"line":40,"column":35}},"loc":{"start":{"line":40,"column":43},"end":{"line":57,"column":1}},"line":40},"5":{"name":"(anonymous_5)","decl":{"start":{"line":62,"column":25},"end":{"line":62,"column":26}},"loc":{"start":{"line":62,"column":42},"end":{"line":150,"column":1}},"line":62},"6":{"name":"(anonymous_6)","decl":{"start":{"line":155,"column":24},"end":{"line":155,"column":25}},"loc":{"start":{"line":155,"column":43},"end":{"line":172,"column":1}},"line":155}},"branchMap":{"0":{"loc":{"start":{"line":7,"column":2},"end":{"line":11,"column":3}},"type":"if","locations":[{"start":{"line":7,"column":2},"end":{"line":11,"column":3}},{"start":{},"end":{}}],"line":7},"1":{"loc":{"start":{"line":41,"column":29},"end":{"line":41,"column":51}},"type":"binary-expr","locations":[{"start":{"line":41,"column":29},"end":{"line":41,"column":46}},{"start":{"line":41,"column":50},"end":{"line":41,"column":51}}],"line":41},"2":{"loc":{"start":{"line":42,"column":31},"end":{"line":42,"column":57}},"type":"binary-expr","locations":[{"start":{"line":42,"column":31},"end":{"line":42,"column":51}},{"start":{"line":42,"column":55},"end":{"line":42,"column":57}}],"line":42},"3":{"loc":{"start":{"line":45,"column":2},"end":{"line":47,"column":3}},"type":"if","locations":[{"start":{"line":45,"column":2},"end":{"line":47,"column":3}},{"start":{},"end":{}}],"line":45},"4":{"loc":{"start":{"line":45,"column":6},"end":{"line":45,"column":66}},"type":"binary-expr","locations":[{"start":{"line":45,"column":6},"end":{"line":45,"column":11}},{"start":{"line":45,"column":16},"end":{"line":45,"column":45}},{"start":{"line":45,"column":49},"end":{"line":45,"column":65}}],"line":45},"5":{"loc":{"start":{"line":49,"column":18},"end":{"line":49,"column":43}},"type":"cond-expr","locations":[{"start":{"line":49,"column":26},"end":{"line":49,"column":31}},{"start":{"line":49,"column":34},"end":{"line":49,"column":43}}],"line":49},"6":{"loc":{"start":{"line":55,"column":16},"end":{"line":55,"column":39}},"type":"cond-expr","locations":[{"start":{"line":55,"column":24},"end":{"line":55,"column":35}},{"start":{"line":55,"column":38},"end":{"line":55,"column":39}}],"line":55},"7":{"loc":{"start":{"line":63,"column":2},"end":{"line":65,"column":3}},"type":"if","locations":[{"start":{"line":63,"column":2},"end":{"line":65,"
[...]
start":{"line":392,"column":21},"end":{"line":392,"column":31}},"145":{"start":{"line":394,"column":2},"end":{"line":396,"column":3}},"146":{"start":{"line":395,"column":4},"end":{"line":395,"column":40}},"147":{"start":{"line":399,"column":2},"end":{"line":401,"column":3}},"148":{"start":{"line":400,"column":4},"end":{"line":400,"column":44}},"149":{"start":{"line":403,"column":16},"end":{"line":406,"column":45}},"150":{"start":{"line":408,"column":2},"end":{"line":427,"column":3}},"151":{"start":{"line":409,"column":22},"end":{"line":409,"column":66}},"152":{"start":{"line":410,"column":4},"end":{"line":412,"column":6}},"153":{"start":{"line":411,"column":6},"end":{"line":411,"column":68}},"154":{"start":{"line":414,"column":4},"end":{"line":426,"column":5}},"155":{"start":{"line":415,"column":22},"end":{"line":415,"column":34}},"156":{"start":{"line":416,"column":6},"end":{"line":416,"column":29}},"157":{"start":{"line":416,"column":20},"end":{"line":416,"column":29}},"158":{"start":{"line":417,"column":6},"end":{"line":425,"column":7}},"159":{"start":{"line":418,"column":8},"end":{"line":420,"column":10}},"160":{"start":{"line":419,"column":10},"end":{"line":419,"column":69}},"161":{"start":{"line":421,"column":13},"end":{"line":425,"column":7}},"162":{"start":{"line":422,"column":8},"end":{"line":424,"column":10}},"163":{"start":{"line":423,"column":10},"end":{"line":423,"column":69}},"164":{"start":{"line":429,"column":2},"end":{"line":429,"column":15}}},"fnMap":{"0":{"name":"(anonymous_0)","decl":{"start":{"line":13,"column":21},"end":{"line":13,"column":22}},"loc":{"start":{"line":13,"column":45},"end":{"line":183,"column":1}},"line":13},"1":{"name":"(anonymous_1)","decl":{"start":{"line":171,"column":46},"end":{"line":171,"column":47}},"loc":{"start":{"line":172,"column":6},"end":{"line":172,"column":61}},"line":172},"2":{"name":"(anonymous_2)","decl":{"start":{"line":186,"column":24},"end":{"line":186,"column":25}},"loc":{"start":{"line":186,"column":64},"end":{"line":211,"column":1}},"line":186},"3":{"name":"(anonymous_3)","decl":{"start":{"line":214,"column":25},"end":{"line":214,"column":26}},"loc":{"start":{"line":214,"column":52},"end":{"line":222,"column":1}},"line":214},"4":{"name":"(anonymous_4)","decl":{"start":{"line":225,"column":22},"end":{"line":225,"column":23}},"loc":{"start":{"line":225,"column":49},"end":{"line":278,"column":1}},"line":225},"5":{"name":"(anonymous_5)","decl":{"start":{"line":267,"column":52},"end":{"line":267,"column":53}},"loc":{"start":{"line":268,"column":6},"end":{"line":268,"column":68}},"line":268},"6":{"name":"(anonymous_6)","decl":{"start":{"line":281,"column":22},"end":{"line":281,"column":23}},"loc":{"start":{"line":281,"column":49},"end":{"line":333,"column":1}},"line":281},"7":{"name":"(anonymous_7)","decl":{"start":{"line":322,"column":59},"end":{"line":322,"column":60}},"loc":{"start":{"line":323,"column":6},"end":{"line":323,"column":62}},"line":323},"8":{"name":"(anonymous_8)","decl":{"start":{"line":337,"column":23},"end":{"line":337,"column":24}},"loc":{"start":{"line":343,"column":6},"end":{"line":385,"column":1}},"line":343},"9":{"name":"(anonymous_9)","decl":{"start":{"line":391,"column":28},"end":{"line":391,"column":29}},"loc":{"start":{"line":391,"column":55},"end":{"line":430,"column":1}},"line":391},"10":{"name":"(anonymous_10)","decl":{"start":{"line":410,"column":50},"end":{"line":410,"column":51}},"loc":{"start":{"line":411,"column":6},"end":{"line":411,"column":68}},"line":411},"11":{"name":"(anonymous_11)","decl":{"start":{"line":418,"column":65},"end":{"line":418,"column":66}},"loc":{"start":{"line":419,"column":10},"end":{"line":419,"column":69}},"line":419},"12":{"name":"(anonymous_12)","decl":{"start":{"line":422,"column":62},"end":{"line":422,"column":63}},"loc":{"start":{"line":423,"column":10},"end":{"line":423,"column":69}},"line":423}},"branchMap":{"0":{"loc":{"start":{"line":15,"column":32},"end":{"line":15,"column":54}},"type":"binary-expr","locations":[{"start":{"line":15,"column":32},"end":{"line":15,"column":45}},{"start":{"line":15,"column":49},"end":{"line":15,"column":54}}],"line":15},"1":{"loc":{"start":{"line":17,"column":2},"end":{"line":19,"column":3}},"type":"if","locations":[{"start":{"line":17,"column":2},"end":{"line":19,"column":3}},{"start":{},"end":{}}],"line":17},"2":{"loc":{"start":{"line":17,"column":6},"end":{"line":17,"column":24}},"type":"binary-expr","locations":[{"start":{"line":17,"column":6},"end":{"line":17,"column":14}},{"start":{"line":17,"column":18},"end":{"line":17,"column":24}}],"line":17},"3":{"loc":{"start":{"line":21,"column":2},"end":{"line":29,"column":3}},"type":"if","locations":[{"start":{"line":21,"column":2},"end":{"line":29,"column":3}},{"start":{},"end":{}}],"line":21},"4":{"loc":{"start":{"line":24,"column":4},"end":{"line":28,"column":5}},"type":"if","locations":[{"start":{"line":24,"column":4},"end":{"line":28,"column":5}},{"start":{},"end":{}}],"line":24},"5":{"loc":{"start":{"line":33,"column":2},"end":{"line":35,"column":3}},"type":"if","locations":[{"start":{"line":33,"column":2},"end":{"line":35,"column":3}},{"start":{},"end":{}}],"line":33},"6":{"loc":{"start":{"line":33,"column":6},"end":{"line":33,"column":38}},"type":"binary-expr","locations":[{"start":{"line":33,"column":6},"end":{"line":33,"column":11}},{"start":{"line":33,"column":15},"end":{"line":33,"column":38}}],"line":33},"7":{"loc":{"start":{"line":39,"column":4},"end":{"line":41,"column":5}},"type":"if","locations":[{"start":{"line":39,"column":4},"end":{"line":41,"column":5}},{"start":{},"end":{}}],"line":39},"8":{"loc":{"start":{"line":42,"column":4},"end":{"line":44,"column":5}},"type":"if","locations":[{"start":{"line":42,"column":4},"end":{"line":44,"column":5}},{"start":{},"end":{}}],"line":42},"9":{"loc":{"start":{"line":45,"column":4},"end":{"line":49,"column":5}},"type":"if","locations":[{"start":{"line":45,"column":4},"end":{"line":49,"column":5}},{"start":{},"end":{}}],"line":45},"10":{"loc":{"start":{"line":67,"column":6},"end":{"line":69,"column":7}},"type":"if","locations":[{"start":{"line":67,"column":6},"end":{"line":69,"column":7}},{"start":{},"end":{}}],"line":67},"11":{"loc":{"start":{"line":67,"column":10},"end":{"line":67,"column":39}},"type":"binary-expr","locations":[{"start":{"line":67,"column":10},"end":{"line":67,"column":18}},{"start":{"line":67,"column":22},"end":{"line":67,"column":39}}],"line":67},"12":{"loc":{"start":{"line":71,"column":6},"end":{"line":75,"column":7}},"type":"if","locations":[{"start":{"line":71,"column":6},"end":{"line":75,"column":7}},{"start":{},"end":{}}],"line":71},"13":{"loc":{"start":{"line":130,"column":28},"end":{"line":130,"column":50}},"type":"binary-expr","locations":[{"start":{"line":130,"column":28},"end":{"line":130,"column":42}},{"start":{"line":130,"column":46},"end":{"line":130,"column":50}}],"line":130},"14":{"loc":{"start":{"line":136,"column":6},"end":{"line":148,"column":7}},"type":"if","locations":[{"start":{"line":136,"column":6},"end":{"line":148,"column":7}},{"start":{},"end":{}}],"line":136},"15":{"loc":{"start":{"line":136,"column":10},"end":{"line":136,"column":62}},"type":"binary-expr","locations":[{"start":{"line":136,"column":10},"end":{"line":136,"column":28}},{"start":{"line":136,"column":32},"end":{"line":136,"column":62}}],"line":136},"16":{"loc":{"start":{"line":156,"column":4},"end":{"line":162,"column":5}},"type":"if","locations":[{"start":{"line":156,"column":4},"end":{"line":162,"column":5}},{"start":{},"end":{}}],"line":156},"17":{"loc":{"start":{"line":186,"column":39},"end":{"line":186,"column":47}},"type":"default-arg","locations":[{"start":{"line":186,"column":46},"end":{"line":186,"column":47}}],"line":186},"18":{"loc":{"start":{"line":186,"column":49},"end":{"line":186,"column":59}},"type":"default-arg","locations":[{"start":{"line":186,"column":57},"end":{"line":186,"column":59}}],"line":186},"19":{"loc":{"start":{"line":187,"column":28},"end":{"line":187,"column":45}},"type":"binary-expr","locations":[{"start":{"line":187,"column":28},"end":{"line":187,"column":40}},{"start":{"line":187,"column":44},"end":{"line":187,"column":45}}],"line":187},"20":{"loc":{"start":{"line":188,"column":38},"end":{"line":188,"column":57}},"type":"binary-expr","locations":[{"start":{"line":188,"column":38},"end":{"line":188,"column":51}},{"start":{"line":188,"column":55},"end":{"line":188,"column":57}}],"line":188},"21":{"loc":{"start":{"line":235,"column":4},"end":{"line":237,"column":5}},"type":"if","locations":[{"start":{"line":235,"column":4},"end":{"line":237,"column":5}},{"start":{},"end":{}}],"line":235},"22":{"loc":{"start":{"line":240,"column":4},"end":{"line":242,"column":5}},"type":"if","locations":[{"start":{"line":240,"column":4},"end":{"line":242,"column":5}},{"start":{},"end":{}}],"line":240},"23":{"loc":{"start":{"line":244,"column":4},"end":{"line":248,"column":5}},"type":"if","locations":[{"start":{"line":244,"column":4},"end":{"line":248,"column":5}},{"start":{},"end":{}}],"line":244},"24":{"loc":{"start":{"line":253,"column":6},"end":{"line":256,"column":7}},"type":"if","locations":[{"start":{"line":253,"column":6},"end":{"line":256,"column":7}},{"start":{},"end":{}}],"line":253},"25":{"loc":{"start":{"line":291,"column":4},"end":{"line":293,"column":5}},"type":"if","locations":[{"start":{"line":291,"column":4},"end":{"line":293,"column":5}},{"start":{},"end":{}}],"line":291},"26":{"loc":{"start":{"line":296,"column":4},"end":{"line":298,"column":5}},"type":"if","locations":[{"start":{"line":296,"column":4},"end":{"line":298,"column":5}},{"start":{},"end":{}}],"line":296},"27":{"loc":{"start":{"line":300,"column":4},"end":{"line":302,"column":5}},"type":"if","locations":[{"start":{"line":300,"column":4},"end":{"line":302,"column":5}},{"start":{},"end":{}}],"line":300},"28":{"loc":{"start":{"line":311,"column":4},"end":{"line":313,"column":5}},"type":"if","locations":[{"start":{"line":311,"column":4},"end":{"line":313,"column":5}},{"start":{},"end":{}}],"line":311},"29":{"loc":{"start":{"line":338,"column":2},"end":{"line":338,"column":10}},"type":"default-arg","locations":[{"start":{"line":338,"column":9},"end":{"line":338,"column":10}}],"line":338},"30":{"loc":{"start":{"line":339,"column":2},"end":{"line":339,"column":12}},"type":"default-arg","locations":[{"start":{"line":339,"column":10},"end":{"line":339,"column":12}}],"line":339},"31":{"loc":{"start":{"line":342,"column":2},"end":{"line":342,"column":25}},"type":"default-arg","locations":[{"start":{"line":342,"column":20},"end":{"line":342,"column":25}}],"line":342},"32":{"loc":{"start":{"line":344,"column":28},"end":{"line":344,"column":45}},"type":"binary-expr","locations":[{"start":{"line":344,"column":28},"end":{"line":344,"column":40}},{"start":{"line":344,"column":44},"end":{"line":344,"column":45}}],"line":344},"33":{"loc":{"start":{"line":345,"column":38},"end":{"line":345,"column":57}},"type":"binary-expr","locations":[{"start":{"line":345,"column":38},"end":{"line":345,"column":51}},{"start":{"line":345,"column":55},"end":{"line":345,"column":57}}],"line":345},"34":{"loc":{"start":{"line":350,"column":2},"end":{"line":352,"column":3}},"type":"if","locations":[{"start":{"line":350,"column":2},"end":{"line":352,"column":3}},{"start":{},"end":{}}],"line":350},"35":{"loc":{"start":{"line":354,"column":2},"end":{"line":354,"column":36}},"type":"if","locations":[{"start":{"line":354,"column":2},"end":{"line":354,"column":36}},{"start":{},"end":{}}],"line":354},"36":{"loc":{"start":{"line":355,"column":2},"end":{"line":362,"column":3}},"type":"if","locations":[{"start":{"line":355,"column":2},"end":{"line":362,"column":3}},{"start":{},"end":{}}],"line":355},"37":{"loc":{"start":{"line":394,"column":2},"end":{"line":396,"column":3}},"type":"if","locations":[{"start":{"line":394,"column":2},"end":{"line":396,"column":3}},{"start":{},"end":{}}],"line":394},"38":{"loc":{"start":{"line":399,"column":2},"end":{"line":401,"column":3}},"type":"if","locations":[{"start":{"line":399,"column":2},"end":{"line":401,"column":3}},{"start":{},"end":{}}],"line":399},"39":{"loc":{"start":{"line":408,"column":2},"end":{"line":427,"column":3}},"type":"if","locations":[{"start":{"line":408,"column":2},"end":{"line":427,"column":3}},{"start":{},"end":{}}],"line":408},"40":{"loc":{"start":{"line":409,"column":22},"end":{"line":409,"column":66}},"type":"cond-expr","locations":[{"start":{"line":409,"column":48},"end":{"line":409,"column":57}},{"start":{"line":409,"column":60},"end":{"line":409,"column":66}}],"line":409},"41":{"loc":{"start":{"line":414,"column":23},"end":{"line":414,"column":40}},"type":"binary-expr","locations":[{"start":{"line":414,"column":23},"end":{"line":414,"column":34}},{"start":{"line":414,"column":38},"end":{"line":414,"column":40}}],"line":414},"42":{"loc":{"start":{"line":416,"column":6},"end":{"line":416,"column":29}},"type":"if","locations":[{"start":{"line":416,"column":6},"end":{"line":416,"column":29}},{"start":{},"end":{}}],"line":416},"43":{"loc":{"start":{"line":417,"column":6},"end":{"line":425,"column":7}},"type":"if","locations":[{"start":{"line":417,"column":6},"end":{"line":425,"column":7}},{"start":{"line":421,"column":13},"end":{"line":425,"column":7}}],"line":417},"44":{"loc":{"start":{"line":421,"column":13},"end":{"line":425,"column":7}},"type":"if","locations":[{"start":{"line":421,"column":13},"end":{"line":425,"column":7}},{"start":{},"end":{}}],"line":421}},"s":{"0":1,"1":1,"2":1,"3":1,"4":1,"5":1,"6":1,"7":1,"8":1,"9":1,"10":1,"11":0,"12":1,"13":1,"14":1,"15":1,"16":1,"17":1,"18":0,"19":0,"20":0,"21":0,"22":0,"23":0,"24":0,"25":0,"26":0,"27":0,"28":0,"29":0,"30":0,"31":0,"32":0,"33":0,"34":0,"35":0,"36":0,"37":0,"38":0,"39":0,"40":0,"41":0,"42":0,"43":0,"44":0,"45":0,"46":0,"47":0,"48":0,"49":0,"50":0,"51":0,"52":0,"53":0,"54":0,"55":0,"56":0,"57":0,"58":0,"59":0,"60":0,"61":0,"62":0,"63":0,"64":0,"65":1,"66":0,"67":0,"68":0,"69":0,"70":0,"71":1,"72":0,"73":1,"74":0,"75":0,"76":0,"77":0,"78":0,"79":0,"80":0,"81":0,"82":0,"83":0,"84":0,"85":0,"86":0,"87":0,"88":0,"89":0,"90":0,"91":0,"92":0,"93":0,"94":0,"95":0,"96":0,"97":0,"98":0,"99":0,"100":0,"101":1,"102":0,"103":0,"104":0,"105":0,"106":0,"107":0,"108":0,"109":0,"110":0,"111":0,"112":0,"113":0,"114":0,"115":0,"116":0,"117":0,"118":0,"119":0,"120":0,"121":0,"122":0,"123":0,"124":0,"125":0,"126":0,"127":1,"128":0,"129":0,"130":0,"131":0,"132":0,"133":0,"134":0,"135":0,"136":0,"137":0,"138":0,"139":0,"140":0,"141":0,"142":1,"143":1,"144":0,"145":0,"146":0,"147":0,"148":0,"149":0,"150":0,"151":0,"152":0,"153":0,"154":0,"155":0,"156":0,"157":0,"158":0,"159":0,"160":0,"161":0,"162":0,"163":0,"164":0},"f":{"0":1,"1":0,"2":0,"3":0,"4":0,"5":0,"6":0,"7":0,"8":0,"9":0,"10":0,"11":0,"12":0},"b":{"0":[1,0],"1":[0,1],"2":[1,1],"3":[1,0],"4":[1,0],"5":[0,0],"6":[0,0],"7":[0,0],"8":[0,0],"9":[0,0],"10":[0,0],"11":[0,0],"12":[0,0],"13":[0,0],"14":[0,0],"15":[0,0],"16":[0,0],"17":[0],"18":[0],"19":[0,0],"20":[0,0],"21":[0,0],"22":[0,0],"23":[0,0],"24":[0,0],"25":[0,0],"26":[0,0],"27":[0,0],"28":[0,0],"29":[0],"30":[0],"31":[0],"32":[0,0],"33":[0,0],"34":[0,0],"35":[0,0],"36":[0,0],"37":[0,0],"38":[0,0],"39":[0,0],"40":[0,0],"41":[0,0],"42":[0,0],"43":[0,0],"44":[0,0]},"_coverageSchema":"1a1c01bbd47fc00a2c39e90264f33305004495a9","hash":"e2a69411b1d8d65aeac4f1e6f65aae0126f81c27"}
,"/home/jarvis/Documents/IT/Nayamo/backend/utils/asyncHandler.js": {"path":"/home/jarvis/Documents/IT/Nayamo/backend/utils/asyncHandler.js","statementMap":{"0":{"start":{"line":6,"column":21},"end":{"line":10,"column":1}},"1":{"start":{"line":6,"column":29},"end":{"line":10,"column":1}},"2":{"start":{"line":7,"column":2},"end":{"line":9,"column":17}},"3":{"start":{"line":8,"column":16},"end":{"line":8,"column":34}},"4":{"start":{"line":12,"column":0},"end":{"line":12,"column":30}}},"fnMap":{"0":{"name":"(anonymous_0)","decl":{"start":{"line":6,"column":21},"end":{"line":6,"column":22}},"loc":{"start":{"line":6,"column":29},"end":{"line":10,"column":1}},"line":6},"1":{"name":"(anonymous_1)","decl":{"start":{"line":6,"column":29},"end":{"line":6,"column":30}},"loc":{"start":{"line":6,"column":49},"end":{"line":10,"column":1}},"line":6},"2":{"name":"(anonymous_2)","decl":{"start":{"line":8,"column":10},"end":{"line":8,"column":11}},"loc":{"start":{"line":8,"column":16},"end":{"line":8,"column":34}},"line":8}},"branchMap":{},"s":{"0":3,"1":19,"2":6,"3":6,"4":3},"f":{"0":19,"1":6,"2":6},"b":{},"_coverageSchema":"1a1c01bbd47fc00a2c39e90264f33305004495a9","hash":"cbbfc7ac71a8e3cfc89d6048662a745325fec81f"}
,"/home/jarvis/Documents/IT/Nayamo/backend/utils/cloudinaryUpload.js": {"path":"/home/jarvis/Documents/IT/Nayamo/backend/utils/cloudinaryUpload.js","statementMap":{"0":{"start":{"line":1,"column":19},"end":{"line":1,"column":50}},"1":{"start":{"line":18,"column":33},"end":{"line":52,"column":1}},"2":{"start":{"line":24,"column":6},"end":{"line":24,"column":13}},"3":{"start":{"line":26,"column":2},"end":{"line":28,"column":3}},"4":{"start":{"line":27,"column":4},"end":{"line":27,"column":57}},"5":{"start":{"line":30,"column":18},"end":{"line":30,"column":72}},"6":{"start":{"line":32,"column":17},"end":{"line":36,"column":4}},"7":{"start":{"line":38,"column":2},"end":{"line":46,"column":3}},"8":{"start":{"line":41,"column":4},"end":{"line":45,"column":6}},"9":{"start":{"line":48,"column":2},"end":{"line":51,"column":4}},"10":{"start":{"line":54,"column":0},"end":{"line":54,"column":46}}},"fnMap":{"0":{"name":"(anonymous_0)","decl":{"start":{"line":18,"column":33},"end":{"line":18,"column":34}},"loc":{"start":{"line":18,"column":65},"end":{"line":52,"column":1}},"line":18}},"branchMap":{"0":{"loc":{"start":{"line":18,"column":48},"end":{"line":18,"column":60}},"type":"default-arg","locations":[{"start":{"line":18,"column":58},"end":{"line":18,"column":60}}],"line":18},"1":{"loc":{"start":{"line":20,"column":4},"end":{"line":20,"column":27}},"type":"default-arg","locations":[{"start":{"line":20,"column":20},"end":{"line":20,"column":27}}],"line":20},"2":{"loc":{"start":{"line":21,"column":4},"end":{"line":21,"column":15}},"type":"default-arg","locations":[{"start":{"line":21,"column":13},"end":{"line":21,"column":15}}],"line":21},"3":{"loc":{"start":{"line":22,"column":4},"end":{"line":22,"column":41}},"type":"default-arg","locations":[{"start":{"line":22,"column":15},"end":{"line":22,"column":41}}],"line":22},"4":{"loc":{"start":{"line":26,"column":2},"end":{"line":28,"column":3}},"type":"if","locations":[{"start":{"line":26,"column":2},"end":{"line":28,"column":3}},{"start":{},"end":{}}],"line":26},"5":{"loc":{"start":{"line":26,"column":6},"end":{"line":26,"column":67}},"type":"binary-expr","locations":[{"start":{"line":26,"column":6},"end":{"line":26,"column":13}},{"start":{"line":26,"column":17},"end":{"line":26,"column":44}},{"start":{"line":26,"column":48},"end":{"line":26,"column":67}}],"line":26},"6":{"loc":{"start":{"line":38,"column":2},"end":{"line":46,"column":3}},"type":"if","locations":[{"start":{"line":38,"column":2},"end":{"line":46,"column":3}},{"start":{},"end":{}}],"line":38},"7":{"loc":{"start":{"line":38,"column":6},"end":{"line":38,"column":56}},"type":"binary-expr","locations":[{"start":{"line":38,"column":6},"end":{"line":38,"column":13}},{"start":{"line":38,"column":17},"end":{"line":38,"column":35}},{"start":{"line":38,"column":39},"end":{"line":38,"column":56}}],"line":38},"8":{"loc":{"start":{"line":43,"column":8},"end":{"line":43,"column":35}},"type":"binary-expr","locations":[{"start":{"line":43,"column":8},"end":{"line":43,"column":25}},{"start":{"line":43,"column":29},"end":{"line":43,"column":35}}],"line":43}},"s":{"0":1,"1":1,"2":4,"3":4,"4":0,"5":4,"6":4,"7":4,"8":0,"9":4,"10":1},"f":{"0":4},"b":{"0":[0],"1":[0],"2":[0],"3":[0],"4":[0,4],"5":[4,4,4],"6":[0,4],"7":[4,4,4],"8":[0,0]},"_coverageSchema":"1a1c01bbd47fc00a2c39e90264f33305004495a9","hash":"981d8dab8bba0df107a879c3ca59b7dfc903baf2"}
}
