TN:
SF:config/env.js
FN:1,(anonymous_0)
FN:12,(anonymous_1)
FN:32,(anonymous_2)
FN:40,(anonymous_3)
FN:45,(anonymous_4)
FN:48,(anonymous_5)
FNF:6
FNH:0
FNDA:0,(anonymous_0)
FNDA:0,(anonymous_1)
FNDA:0,(anonymous_2)
FNDA:0,(anonymous_3)
FNDA:0,(anonymous_4)
FNDA:0,(anonymous_5)
DA:1,1
DA:2,0
DA:4,0
DA:5,0
DA:7,0
DA:12,1
DA:13,0
DA:14,0
DA:15,0
DA:17,0
DA:32,1
DA:33,0
DA:37,0
DA:40,1
DA:45,1
DA:46,0
DA:48,1
DA:49,0
DA:51,1
LF:19
LH:7
BRDA:2,0,0,0
BRDA:2,0,1,0
BRDA:5,1,0,0
BRDA:5,1,1,0
BRDA:15,2,0,0
BRDA:15,2,1,0
BRDA:21,3,0,0
BRDA:21,3,1,0
BRDA:21,3,2,0
BRDA:26,4,0,0
BRDA:26,4,1,0
BRDA:28,5,0,0
BRDA:28,5,1,0
BRDA:33,6,0,0
BRDA:33,6,1,0
BRDA:37,7,0,0
BRDA:37,7,1,0
BRDA:42,8,0,0
BRDA:42,8,1,0
BRDA:46,9,0,0
BRDA:46,9,1,0
BRDA:49,10,0,0
BRDA:49,10,1,0
BRF:23
BRH:0
end_of_record
TN:
SF:controllers/shippingController.js
FN:12,(anonymous_0)
FN:56,(anonymous_1)
FNF:2
FNH:0
FNDA:0,(anonymous_0)
FNDA:0,(anonymous_1)
DA:1,1
DA:4,1
DA:7,1
DA:12,1
DA:13,0
DA:15,0
DA:16,0
DA:17,0
DA:21,0
DA:22,0
DA:29,0
DA:31,0
DA:40,0
DA:42,0
DA:44,0
DA:54,1
DA:58,0
DA:62,0
DA:67,0
DA:69,0
DA:75,0
DA:80,0
LF:22
LH:5
BRDA:15,0,0,0
BRDA:15,0,1,0
BRDA:21,1,0,0
BRDA:21,1,1,0
BRDA:34,2,0,0
BRDA:34,2,1,0
BRDA:36,3,0,0
BRDA:36,3,1,0
BRDA:62,4,0,0
BRDA:62,4,1,0
BRDA:63,5,0,0
BRDA:63,5,1,0
BRF:12
BRH:0
end_of_record
TN:
SF:models/Order.js
FNF:0
FNH:0
DA:1,1
DA:3,1
DA:179,1
DA:180,1
DA:181,1
DA:182,1
DA:183,1
DA:185,1
DA:187,1
LF:9
LH:9
BRF:0
BRH:0
end_of_record
TN:
SF:services/delhiveryService.js
FN:4,(anonymous_0)
FN:26,toPinFromAddress
FN:32,toCityFromAddress
FN:36,toStateFromAddress
FN:43,(anonymous_4)
FN:137,(anonymous_5)
FNF:6
FNH:0
FNDA:0,(anonymous_0)
FNDA:0,toPinFromAddress
FNDA:0,toCityFromAddress
FNDA:0,toStateFromAddress
FNDA:0,(anonymous_4)
FNDA:0,(anonymous_5)
DA:1,1
DA:2,1
DA:4,1
DA:5,0
DA:7,0
DA:8,0
DA:9,0
DA:10,0
DA:13,0
DA:29,0
DA:33,0
DA:37,0
DA:43,1
DA:44,0
DA:45,0
DA:48,0
DA:49,0
DA:50,0
DA:51,0
DA:89,0
DA:91,0
DA:108,0
DA:110,0
DA:112,0
DA:113,0
DA:120,0
DA:128,0
DA:137,1
DA:138,0
DA:139,0
DA:142,0
DA:143,0
DA:144,0
DA:148,0
DA:150,0
LF:35
LH:5
BRDA:7,0,0,0
BRDA:7,0,1,0
BRDA:44,1,0,0
BRDA:44,1,1,0
BRDA:54,2,0,0
BRDA:54,2,1,0
BRDA:70,3,0,0
BRDA:70,3,1,0
BRDA:74,4,0,0
BRDA:74,4,1,0
BRDA:108,5,0,0
BRDA:108,5,1,0
BRDA:110,6,0,0
BRDA:110,6,1,0
BRDA:112,7,0,0
BRDA:112,7,1,0
BRDA:125,8,0,0
BRDA:125,8,1,0
BRDA:125,8,2,0
BRDA:129,9,0,0
BRDA:129,9,1,0
BRDA:129,9,2,0
BRDA:138,10,0,0
BRDA:138,10,1,0
BRDA:151,11,0,0
BRDA:151,11,1,0
BRDA:151,11,2,0
BRF:27
BRH:0
end_of_record
TN:
SF:utils/asyncHandler.js
FN:6,(anonymous_0)
FN:6,(anonymous_1)
FN:8,(anonymous_2)
FNF:3
FNH:1
FNDA:2,(anonymous_0)
FNDA:0,(anonymous_1)
FNDA:0,(anonymous_2)
DA:6,2
DA:7,0
DA:8,0
DA:12,1
LF:4
LH:2
BRF:0
BRH:0
end_of_record
