TN:
SF:controllers/settingsController.js
FN:6,(anonymous_0)
FNF:1
FNH:1
FNDA:2,(anonymous_0)
DA:1,1
DA:2,1
DA:6,1
DA:7,2
DA:9,2
LF:5
LH:5
BRF:0
BRH:0
end_of_record
TN:
SF:models/Settings.js
FN:18,(anonymous_0)
FNF:1
FNH:0
FNDA:0,(anonymous_0)
DA:1,1
DA:3,1
DA:18,1
DA:19,0
DA:20,0
DA:21,0
DA:23,0
DA:26,1
LF:8
LH:4
BRDA:20,0,0,0
BRDA:20,0,1,0
BRF:2
BRH:0
end_of_record
TN:
SF:models/User.js
FN:73,(anonymous_0)
FN:84,(anonymous_1)
FNF:2
FNH:1
FNDA:0,(anonymous_0)
FNDA:1,(anonymous_1)
DA:1,1
DA:2,1
DA:4,1
DA:73,1
DA:74,0
DA:76,0
DA:77,0
DA:79,0
DA:81,0
DA:84,1
DA:85,1
DA:87,1
DA:89,1
DA:90,1
DA:91,1
DA:92,1
DA:94,1
DA:95,0
DA:98,1
DA:100,0
DA:103,0
DA:106,1
DA:107,1
DA:108,1
DA:109,1
DA:111,1
LF:26
LH:18
BRDA:74,0,0,0
BRDA:74,0,1,0
BRDA:77,1,0,0
BRDA:77,1,1,0
BRDA:79,2,0,0
BRDA:79,2,1,0
BRDA:85,3,0,0
BRDA:85,3,1,1
BRDA:85,4,0,1
BRDA:85,4,1,1
BRDA:87,5,0,1
BRDA:87,5,1,1
BRDA:89,6,0,1
BRDA:89,6,1,0
BRDA:90,7,0,1
BRDA:90,7,1,0
BRDA:94,8,0,0
BRDA:94,8,1,1
BRF:18
BRH:8
end_of_record
TN:
SF:services/adminBootstrapService.js
FN:8,(anonymous_0)
FNF:1
FNH:1
FNDA:1,(anonymous_0)
DA:1,1
DA:2,1
DA:8,1
DA:9,1
DA:11,1
DA:12,1
DA:14,1
DA:15,0
DA:20,1
DA:21,1
DA:23,1
DA:24,1
DA:32,1
DA:33,1
DA:34,1
DA:37,0
DA:38,0
DA:39,0
DA:42,0
DA:43,0
DA:46,0
DA:47,0
DA:48,0
DA:51,1
LF:24
LH:15
BRDA:9,0,0,0
BRDA:9,0,1,1
BRDA:14,1,0,0
BRDA:14,1,1,1
BRDA:14,2,0,1
BRDA:14,2,1,1
BRDA:23,3,0,1
BRDA:23,3,1,0
BRDA:25,4,0,1
BRDA:25,4,1,0
BRDA:42,5,0,0
BRDA:42,5,1,0
BRF:12
BRH:6
end_of_record
TN:
SF:services/orderService.js
FN:13,(anonymous_0)
FN:171,(anonymous_1)
FN:186,(anonymous_2)
FN:214,(anonymous_3)
FN:225,(anonymous_4)
FN:267,(anonymous_5)
FN:281,(anonymous_6)
FN:322,(anonymous_7)
FN:337,(anonymous_8)
FN:391,(anonymous_9)
FN:410,(anonymous_10)
FN:418,(anonymous_11)
FN:422,(anonymous_12)
FNF:13
FNH:1
FNDA:1,(anonymous_0)
FNDA:0,(anonymous_1)
FNDA:0,(anonymous_2)
FNDA:0,(anonymous_3)
FNDA:0,(anonymous_4)
FNDA:0,(anonymous_5)
FNDA:0,(anonymous_6)
FNDA:0,(anonymous_7)
FNDA:0,(anonymous_8)
FNDA:0,(anonymous_9)
FNDA:0,(anonymous_10)
FNDA:0,(anonymous_11)
FNDA:0,(anonymous_12)
DA:1,1
DA:2,1
DA:3,1
DA:4,1
DA:5,1
DA:6,1
DA:10,1
DA:13,1
DA:14,1
DA:15,1
DA:17,1
DA:18,0
DA:21,1
DA:22,1
DA:24,1
DA:25,1
DA:26,1
DA:27,1
DA:31,0
DA:33,0
DA:34,0
DA:38,0
DA:39,0
DA:40,0
DA:42,0
DA:43,0
DA:45,0
DA:46,0
DA:53,0
DA:54,0
DA:56,0
DA:57,0
DA:59,0
DA:64,0
DA:65,0
DA:67,0
DA:68,0
DA:71,0
DA:72,0
DA:77,0
DA:79,0
DA:83,0
DA:91,0
DA:97,0
DA:99,0
DA:101,0
DA:108,0
DA:109,0
DA:136,0
DA:137,0
DA:139,0
DA:141,0
DA:145,0
DA:150,0
DA:156,0
DA:157,0
DA:159,0
DA:167,0
DA:169,0
DA:171,0
DA:172,0
DA:175,0
DA:177,0
DA:179,0
DA:181,0
DA:186,1
DA:187,0
DA:188,0
DA:189,0
DA:191,0
DA:204,0
DA:214,1
DA:215,0
DA:225,1
DA:226,0
DA:227,0
DA:229,0
DA:230,0
DA:235,0
DA:236,0
DA:240,0
DA:241,0
DA:244,0
DA:245,0
DA:251,0
DA:252,0
DA:253,0
DA:254,0
DA:255,0
DA:259,0
DA:260,0
DA:261,0
DA:262,0
DA:264,0
DA:266,0
DA:267,0
DA:268,0
DA:271,0
DA:273,0
DA:274,0
DA:276,0
DA:281,1
DA:282,0
DA:283,0
DA:285,0
DA:286,0
DA:291,0
DA:292,0
DA:296,0
DA:297,0
DA:300,0
DA:301,0
DA:305,0
DA:306,0
DA:307,0
DA:311,0
DA:312,0
DA:316,0
DA:317,0
DA:319,0
DA:321,0
DA:322,0
DA:323,0
DA:326,0
DA:328,0
DA:329,0
DA:331,0
DA:337,1
DA:344,0
DA:345,0
DA:346,0
DA:347,0
DA:350,0
DA:351,0
DA:354,0
DA:355,0
DA:356,0
DA:357,0
DA:358,0
DA:364,0
DA:378,0
DA:388,1
DA:391,1
DA:392,0
DA:394,0
DA:395,0
DA:399,0
DA:400,0
DA:403,0
DA:408,0
DA:409,0
DA:410,0
DA:411,0
DA:414,0
DA:415,0
DA:416,0
DA:417,0
DA:418,0
DA:419,0
DA:421,0
DA:422,0
DA:423,0
DA:429,0
LF:163
LH:24
BRDA:15,0,0,1
BRDA:15,0,1,0
BRDA:17,1,0,0
BRDA:17,1,1,1
BRDA:17,2,0,1
BRDA:17,2,1,1
BRDA:21,3,0,1
BRDA:21,3,1,0
BRDA:24,4,0,1
BRDA:24,4,1,0
BRDA:33,5,0,0
BRDA:33,5,1,0
BRDA:33,6,0,0
BRDA:33,6,1,0
BRDA:39,7,0,0
BRDA:39,7,1,0
BRDA:42,8,0,0
BRDA:42,8,1,0
BRDA:45,9,0,0
BRDA:45,9,1,0
BRDA:67,10,0,0
BRDA:67,10,1,0
BRDA:67,11,0,0
BRDA:67,11,1,0
BRDA:71,12,0,0
BRDA:71,12,1,0
BRDA:130,13,0,0
BRDA:130,13,1,0
BRDA:136,14,0,0
BRDA:136,14,1,0
BRDA:136,15,0,0
BRDA:136,15,1,0
BRDA:156,16,0,0
BRDA:156,16,1,0
BRDA:186,17,0,0
BRDA:186,18,0,0
BRDA:187,19,0,0
BRDA:187,19,1,0
BRDA:188,20,0,0
BRDA:188,20,1,0
BRDA:235,21,0,0
BRDA:235,21,1,0
BRDA:240,22,0,0
BRDA:240,22,1,0
BRDA:244,23,0,0
BRDA:244,23,1,0
BRDA:253,24,0,0
BRDA:253,24,1,0
BRDA:291,25,0,0
BRDA:291,25,1,0
BRDA:296,26,0,0
BRDA:296,26,1,0
BRDA:300,27,0,0
BRDA:300,27,1,0
BRDA:311,28,0,0
BRDA:311,28,1,0
BRDA:338,29,0,0
BRDA:339,30,0,0
BRDA:342,31,0,0
BRDA:344,32,0,0
BRDA:344,32,1,0
BRDA:345,33,0,0
BRDA:345,33,1,0
BRDA:350,34,0,0
BRDA:350,34,1,0
BRDA:354,35,0,0
BRDA:354,35,1,0
BRDA:355,36,0,0
BRDA:355,36,1,0
BRDA:394,37,0,0
BRDA:394,37,1,0
BRDA:399,38,0,0
BRDA:399,38,1,0
BRDA:408,39,0,0
BRDA:408,39,1,0
BRDA:409,40,0,0
BRDA:409,40,1,0
BRDA:414,41,0,0
BRDA:414,41,1,0
BRDA:416,42,0,0
BRDA:416,42,1,0
BRDA:417,43,0,0
BRDA:417,43,1,0
BRDA:421,44,0,0
BRDA:421,44,1,0
BRF:85
BRH:6
end_of_record
TN:
SF:utils/asyncHandler.js
FN:6,(anonymous_0)
FN:6,(anonymous_1)
FN:8,(anonymous_2)
FNF:3
FNH:3
FNDA:1,(anonymous_0)
FNDA:2,(anonymous_1)
FNDA:2,(anonymous_2)
DA:6,1
DA:7,2
DA:8,2
DA:12,1
LF:4
LH:4
BRF:0
BRH:0
end_of_record
